<?xml version="1.0" encoding="UTF-8"?>
<testng-results skipped="0" failed="0" ignored="0" total="1" passed="1">
  <reporter-output>
  </reporter-output>
  <suite name="Default suite" duration-ms="23985" started-at="2019-10-11T06:50:12Z" finished-at="2019-10-11T06:50:36Z">
    <groups>
    </groups>
    <test name="Default test" duration-ms="23985" started-at="2019-10-11T06:50:12Z" finished-at="2019-10-11T06:50:36Z">
      <class name="testcases.TC001Login">
        <test-method status="PASS" signature="setData()[pri:0, instance:testcases.TC001Login@2db7a79b]" name="setData" is-config="true" duration-ms="15" started-at="2019-10-11T06:50:12Z" finished-at="2019-10-11T06:50:12Z">
          <reporter-output>
          </reporter-output>
        </test-method> <!-- setData -->
        <test-method status="PASS" signature="login()[pri:0, instance:testcases.TC001Login@2db7a79b]" name="login" is-config="true" duration-ms="4630" started-at="2019-10-11T06:50:13Z" finished-at="2019-10-11T06:50:18Z">
          <reporter-output>
          </reporter-output>
        </test-method> <!-- login -->
        <test-method status="PASS" signature="loginLogout(java.lang.String, java.lang.String, java.lang.String, java.lang.String, java.lang.String, java.lang.String, java.lang.String, java.lang.String, java.lang.String, java.lang.String)[pri:0, instance:testcases.TC001Login@2db7a79b]" name="loginLogout" duration-ms="17064" started-at="2019-10-11T06:50:18Z" data-provider="fetchData" finished-at="2019-10-11T06:50:35Z">
          <params>
            <param index="0">
              <value>
                <![CDATA[https://10.130.35.58/modules/olapv3/#/login]]>
              </value>
            </param>
            <param index="1">
              <value>
                <![CDATA[mgoodey]]>
              </value>
            </param>
            <param index="2">
              <value>
                <![CDATA[eagle1]]>
              </value>
            </param>
            <param index="3">
              <value>
                <![CDATA[Attrib And Risk Report]]>
              </value>
            </param>
            <param index="4">
              <value>
                <![CDATA[Analysis for]]>
              </value>
            </param>
            <param index="5">
              <value>
                <![CDATA[8000]]>
              </value>
            </param>
            <param index="6">
              <value>
                <![CDATA[4 Level Model1]]>
              </value>
            </param>
            <param index="7">
              <value>
                <![CDATA[testsasiURL]]>
              </value>
            </param>
            <param index="8">
              <value>
                <![CDATA[testkey]]>
              </value>
            </param>
            <param index="9">
              <value>
                <![CDATA[C:\Users\sselvarasux\Desktop\screenshot\Chart.png]]>
              </value>
            </param>
          </params>
          <reporter-output>
          </reporter-output>
        </test-method> <!-- loginLogout -->
        <test-method status="PASS" signature="closeBrowser()[pri:0, instance:testcases.TC001Login@2db7a79b]" name="closeBrowser" is-config="true" duration-ms="1188" started-at="2019-10-11T06:50:35Z" finished-at="2019-10-11T06:50:36Z">
          <reporter-output>
          </reporter-output>
        </test-method> <!-- closeBrowser -->
      </class> <!-- testcases.TC001Login -->
    </test> <!-- Default test -->
  </suite> <!-- Default suite -->
</testng-results>
