<?xml version="1.0" encoding="UTF-8"?>
<testng-results skipped="0" failed="0" ignored="0" total="3" passed="3">
  <reporter-output>
    <line>
      <![CDATA[The Browser is opened now]]>
    </line>
    <line>
      <![CDATA[The Browser is maximized now]]>
    </line>
    <line>
      <![CDATA[<font color='green'>The Web URL is opened now</font>]]>
    </line>
    <line>
      <![CDATA[<font color='green'>The User Name has entered</font>]]>
    </line>
    <line>
      <![CDATA[<font color='green'>Password has entered</font>]]>
    </line>
    <line>
      <![CDATA[<font color='green'>Logged into the application</font>]]>
    </line>
    <line>
      <![CDATA[<font color='green'> Clicked the inbox tab</font>]]>
    </line>
    <line>
      <![CDATA[<font color='green'> Report has been clicked</font>]]>
    </line>
    <line>
      <![CDATA[<font color='red'>Inside click report == false</font>]]>
    </line>
    <line>
      <![CDATA[<font color='green'>trying to click the tabs</font>]]>
    </line>
    <line>
      <![CDATA[<font color='green'>Clicked the ANALYSE Link on top Right hand side</font>]]>
    </line>
    <line>
      <![CDATA[<font color='green'>Old files are deleted</font>]]>
    </line>
    <line>
      <![CDATA[<font color='green'>Screen shot has been taken into this path</font>]]>
    </line>
    <line>
      <![CDATA[The Browser is opened now]]>
    </line>
    <line>
      <![CDATA[The Browser is maximized now]]>
    </line>
    <line>
      <![CDATA[<font color='green'>The Web URL is opened now</font>]]>
    </line>
    <line>
      <![CDATA[<font color='green'>The User Name has entered</font>]]>
    </line>
    <line>
      <![CDATA[<font color='green'>Password has entered</font>]]>
    </line>
    <line>
      <![CDATA[<font color='green'>Logged into the application</font>]]>
    </line>
    <line>
      <![CDATA[<font color='green'> Clicked the inbox tab</font>]]>
    </line>
    <line>
      <![CDATA[<font color='green'> Report has been clicked</font>]]>
    </line>
    <line>
      <![CDATA[<font color='red'>Inside click report == false</font>]]>
    </line>
    <line>
      <![CDATA[<font color='green'>trying to click the tabs</font>]]>
    </line>
    <line>
      <![CDATA[<font color='green'>Clicked the ANALYSE Link on top Right hand side</font>]]>
    </line>
    <line>
      <![CDATA[<font color='green'>Old files are deleted</font>]]>
    </line>
    <line>
      <![CDATA[<font color='green'>Screen shot has been taken into this path</font>]]>
    </line>
    <line>
      <![CDATA[The Browser is opened now]]>
    </line>
    <line>
      <![CDATA[The Browser is maximized now]]>
    </line>
    <line>
      <![CDATA[<font color='green'>The Web URL is opened now</font>]]>
    </line>
    <line>
      <![CDATA[<font color='green'>The User Name has entered</font>]]>
    </line>
    <line>
      <![CDATA[<font color='green'>Password has entered</font>]]>
    </line>
    <line>
      <![CDATA[<font color='green'>Logged into the application</font>]]>
    </line>
    <line>
      <![CDATA[<font color='green'> Clicked the inbox tab</font>]]>
    </line>
    <line>
      <![CDATA[<font color='green'> Report has been clicked</font>]]>
    </line>
    <line>
      <![CDATA[<font color='red'>Inside click report == false</font>]]>
    </line>
    <line>
      <![CDATA[<font color='green'>trying to click the tabs</font>]]>
    </line>
    <line>
      <![CDATA[<font color='green'>Clicked the ANALYSE Link on top Right hand side</font>]]>
    </line>
    <line>
      <![CDATA[<font color='red'>File does not exist to delete</font>]]>
    </line>
    <line>
      <![CDATA[<font color='green'>Screen shot has been taken into this path</font>]]>
    </line>
  </reporter-output>
  <suite name="Suite" duration-ms="58912" started-at="2020-05-07T12:35:13Z" finished-at="2020-05-07T12:36:12Z">
    <groups>
    </groups>
    <test name="Test" duration-ms="58912" started-at="2020-05-07T12:35:13Z" finished-at="2020-05-07T12:36:12Z">
      <class name="testcases.OlapV3">
        <test-method status="PASS" signature="setData()[pri:0, instance:testcases.OlapV3@b7dd107]" name="setData" is-config="true" duration-ms="13" started-at="2020-05-07T12:35:13Z" finished-at="2020-05-07T12:35:13Z">
          <reporter-output>
          </reporter-output>
        </test-method> <!-- setData -->
        <test-method status="PASS" signature="setData()[pri:0, instance:testcases.TC001Login@6950e31]" name="setData" is-config="true" duration-ms="0" started-at="2020-05-07T12:35:13Z" finished-at="2020-05-07T12:35:13Z">
          <reporter-output>
          </reporter-output>
        </test-method> <!-- setData -->
        <test-method status="PASS" signature="login()[pri:0, instance:testcases.OlapV3@b7dd107]" name="login" is-config="true" duration-ms="3630" started-at="2020-05-07T12:35:53Z" finished-at="2020-05-07T12:35:57Z">
          <reporter-output>
            <line>
              <![CDATA[The Browser is opened now]]>
            </line>
            <line>
              <![CDATA[The Browser is maximized now]]>
            </line>
          </reporter-output>
        </test-method> <!-- login -->
        <test-method status="PASS" signature="loginLogout(java.lang.String, java.lang.String, java.lang.String, java.lang.String, java.lang.String, java.lang.String, java.lang.String)[pri:0, instance:testcases.OlapV3@b7dd107]" name="loginLogout" duration-ms="14916" started-at="2020-05-07T12:35:57Z" data-provider="fetchData" finished-at="2020-05-07T12:36:11Z">
          <params>
            <param index="0">
              <value>
                <![CDATA[https://10.130.35.58/modules/olapv3/#/login]]>
              </value>
            </param>
            <param index="1">
              <value>
                <![CDATA[mgoodey]]>
              </value>
            </param>
            <param index="2">
              <value>
                <![CDATA[eagle1]]>
              </value>
            </param>
            <param index="3">
              <value>
                <![CDATA[TopDown2and3Prototype]]>
              </value>
            </param>
            <param index="4">
              <value>
                <![CDATA[commentry]]>
              </value>
            </param>
            <param index="5">
              <value>
                <![CDATA[8000]]>
              </value>
            </param>
            <param index="6">
              <value>
                <![CDATA[C:\\Users\\sselvarasux\\Desktop\\screenshot\\Chart3.png]]>
              </value>
            </param>
          </params>
          <reporter-output>
            <line>
              <![CDATA[<font color='green'>The Web URL is opened now</font>]]>
            </line>
            <line>
              <![CDATA[<font color='green'>The User Name has entered</font>]]>
            </line>
            <line>
              <![CDATA[<font color='green'>Password has entered</font>]]>
            </line>
            <line>
              <![CDATA[<font color='green'>Logged into the application</font>]]>
            </line>
            <line>
              <![CDATA[<font color='green'> Clicked the inbox tab</font>]]>
            </line>
            <line>
              <![CDATA[<font color='green'> Report has been clicked</font>]]>
            </line>
            <line>
              <![CDATA[<font color='red'>Inside click report == false</font>]]>
            </line>
            <line>
              <![CDATA[<font color='green'>trying to click the tabs</font>]]>
            </line>
            <line>
              <![CDATA[<font color='green'>Clicked the ANALYSE Link on top Right hand side</font>]]>
            </line>
            <line>
              <![CDATA[<font color='red'>File does not exist to delete</font>]]>
            </line>
            <line>
              <![CDATA[<font color='green'>Screen shot has been taken into this path</font>]]>
            </line>
          </reporter-output>
        </test-method> <!-- loginLogout -->
        <test-method status="PASS" signature="closeBrowser()[pri:0, instance:testcases.OlapV3@b7dd107]" name="closeBrowser" is-config="true" duration-ms="907" started-at="2020-05-07T12:36:11Z" finished-at="2020-05-07T12:36:12Z">
          <reporter-output>
          </reporter-output>
        </test-method> <!-- closeBrowser -->
      </class> <!-- testcases.OlapV3 -->
      <class name="testcases.TC001Login">
        <test-method status="PASS" signature="login()[pri:0, instance:testcases.TC001Login@6950e31]" name="login" is-config="true" duration-ms="4605" started-at="2020-05-07T12:35:15Z" finished-at="2020-05-07T12:35:19Z">
          <reporter-output>
            <line>
              <![CDATA[The Browser is opened now]]>
            </line>
            <line>
              <![CDATA[The Browser is maximized now]]>
            </line>
          </reporter-output>
        </test-method> <!-- login -->
        <test-method status="PASS" signature="loginLogout(java.lang.String, java.lang.String, java.lang.String, java.lang.String, java.lang.String, java.lang.String, java.lang.String)[pri:0, instance:testcases.TC001Login@6950e31]" name="loginLogout" duration-ms="14412" started-at="2020-05-07T12:35:19Z" data-provider="fetchData" finished-at="2020-05-07T12:35:34Z">
          <params>
            <param index="0">
              <value>
                <![CDATA[https://10.130.35.58/modules/olap/#/login]]>
              </value>
            </param>
            <param index="1">
              <value>
                <![CDATA[mgoodey]]>
              </value>
            </param>
            <param index="2">
              <value>
                <![CDATA[eagle1]]>
              </value>
            </param>
            <param index="3">
              <value>
                <![CDATA[Attrib And Risk Report]]>
              </value>
            </param>
            <param index="4">
              <value>
                <![CDATA[Analysis for ]]>
              </value>
            </param>
            <param index="5">
              <value>
                <![CDATA[8000]]>
              </value>
            </param>
            <param index="6">
              <value>
                <![CDATA[\\sselvarasuw8\screenshot\chartsNew.png]]>
              </value>
            </param>
          </params>
          <reporter-output>
            <line>
              <![CDATA[<font color='green'>The Web URL is opened now</font>]]>
            </line>
            <line>
              <![CDATA[<font color='green'>The User Name has entered</font>]]>
            </line>
            <line>
              <![CDATA[<font color='green'>Password has entered</font>]]>
            </line>
            <line>
              <![CDATA[<font color='green'>Logged into the application</font>]]>
            </line>
            <line>
              <![CDATA[<font color='green'> Clicked the inbox tab</font>]]>
            </line>
            <line>
              <![CDATA[<font color='green'> Report has been clicked</font>]]>
            </line>
            <line>
              <![CDATA[<font color='red'>Inside click report == false</font>]]>
            </line>
            <line>
              <![CDATA[<font color='green'>trying to click the tabs</font>]]>
            </line>
            <line>
              <![CDATA[<font color='green'>Clicked the ANALYSE Link on top Right hand side</font>]]>
            </line>
            <line>
              <![CDATA[<font color='green'>Old files are deleted</font>]]>
            </line>
            <line>
              <![CDATA[<font color='green'>Screen shot has been taken into this path</font>]]>
            </line>
          </reporter-output>
        </test-method> <!-- loginLogout -->
        <test-method status="PASS" signature="closeBrowser()[pri:0, instance:testcases.TC001Login@6950e31]" name="closeBrowser" is-config="true" duration-ms="1000" started-at="2020-05-07T12:35:34Z" finished-at="2020-05-07T12:35:35Z">
          <reporter-output>
          </reporter-output>
        </test-method> <!-- closeBrowser -->
        <test-method status="PASS" signature="login()[pri:0, instance:testcases.TC001Login@6950e31]" name="login" is-config="true" duration-ms="3637" started-at="2020-05-07T12:35:35Z" finished-at="2020-05-07T12:35:38Z">
          <reporter-output>
            <line>
              <![CDATA[The Browser is opened now]]>
            </line>
            <line>
              <![CDATA[The Browser is maximized now]]>
            </line>
          </reporter-output>
        </test-method> <!-- login -->
        <test-method status="PASS" signature="loginLogout(java.lang.String, java.lang.String, java.lang.String, java.lang.String, java.lang.String, java.lang.String, java.lang.String)[pri:0, instance:testcases.TC001Login@6950e31]" name="loginLogout" duration-ms="13688" started-at="2020-05-07T12:35:38Z" data-provider="fetchData" finished-at="2020-05-07T12:35:52Z">
          <params>
            <param index="0">
              <value>
                <![CDATA[https://10.130.35.58/modules/olap/#/login]]>
              </value>
            </param>
            <param index="1">
              <value>
                <![CDATA[engage2020]]>
              </value>
            </param>
            <param index="2">
              <value>
                <![CDATA[eagle1]]>
              </value>
            </param>
            <param index="3">
              <value>
                <![CDATA[Attrib N Risk Report]]>
              </value>
            </param>
            <param index="4">
              <value>
                <![CDATA[Analysis for ]]>
              </value>
            </param>
            <param index="5">
              <value>
                <![CDATA[8000]]>
              </value>
            </param>
            <param index="6">
              <value>
                <![CDATA[\\sselvarasuw8\screenshot\chartsNew_engage.png]]>
              </value>
            </param>
          </params>
          <reporter-output>
            <line>
              <![CDATA[<font color='green'>The Web URL is opened now</font>]]>
            </line>
            <line>
              <![CDATA[<font color='green'>The User Name has entered</font>]]>
            </line>
            <line>
              <![CDATA[<font color='green'>Password has entered</font>]]>
            </line>
            <line>
              <![CDATA[<font color='green'>Logged into the application</font>]]>
            </line>
            <line>
              <![CDATA[<font color='green'> Clicked the inbox tab</font>]]>
            </line>
            <line>
              <![CDATA[<font color='green'> Report has been clicked</font>]]>
            </line>
            <line>
              <![CDATA[<font color='red'>Inside click report == false</font>]]>
            </line>
            <line>
              <![CDATA[<font color='green'>trying to click the tabs</font>]]>
            </line>
            <line>
              <![CDATA[<font color='green'>Clicked the ANALYSE Link on top Right hand side</font>]]>
            </line>
            <line>
              <![CDATA[<font color='green'>Old files are deleted</font>]]>
            </line>
            <line>
              <![CDATA[<font color='green'>Screen shot has been taken into this path</font>]]>
            </line>
          </reporter-output>
        </test-method> <!-- loginLogout -->
        <test-method status="PASS" signature="closeBrowser()[pri:0, instance:testcases.TC001Login@6950e31]" name="closeBrowser" is-config="true" duration-ms="906" started-at="2020-05-07T12:35:52Z" finished-at="2020-05-07T12:35:53Z">
          <reporter-output>
          </reporter-output>
        </test-method> <!-- closeBrowser -->
      </class> <!-- testcases.TC001Login -->
    </test> <!-- Test -->
  </suite> <!-- Suite -->
</testng-results>
