<?xml version="1.0" encoding="UTF-8"?>
<testng-results skipped="0" failed="0" ignored="0" total="6" passed="6">
  <reporter-output>
    <line>
      <![CDATA[The Browser is opened now]]>
    </line>
    <line>
      <![CDATA[The Browser is maximized now]]>
    </line>
    <line>
      <![CDATA[<font color='green'>The Web URL is opened now</font>]]>
    </line>
    <line>
      <![CDATA[<font color='green'>The User Name has entered</font>]]>
    </line>
    <line>
      <![CDATA[<font color='green'>Password has entered</font>]]>
    </line>
    <line>
      <![CDATA[<font color='green'>Logged into the application</font>]]>
    </line>
    <line>
      <![CDATA[<font color='green'> Clicked the inbox tab</font>]]>
    </line>
    <line>
      <![CDATA[<font color='green'> Report has been clicked</font>]]>
    </line>
    <line>
      <![CDATA[<font color='red'>Inside click report == false</font>]]>
    </line>
    <line>
      <![CDATA[<font color='green'>trying to click the tabs</font>]]>
    </line>
    <line>
      <![CDATA[<font color='green'>Clicked the ANALYSE Link on top Right hand side</font>]]>
    </line>
    <line>
      <![CDATA[<font color='green'>Checking the COMMENTARY in ANALYSE page</font>]]>
    </line>
    <line>
      <![CDATA[<font color='green'>Expected String is present</font>]]>
    </line>
    <line>
      <![CDATA[<font color='green'>Clicked the CHARTS Link in top right hand side</font>]]>
    </line>
    <line>
      <![CDATA[<font color='green'>Old files are deleted</font>]]>
    </line>
    <line>
      <![CDATA[<font color='green'>Screen shot has been taken into this path</font>]]>
    </line>
    <line>
      <![CDATA[The Browser is opened now]]>
    </line>
    <line>
      <![CDATA[The Browser is maximized now]]>
    </line>
    <line>
      <![CDATA[<font color='green'>The Web URL is opened now</font>]]>
    </line>
    <line>
      <![CDATA[<font color='green'>The User Name has entered</font>]]>
    </line>
    <line>
      <![CDATA[<font color='green'>Password has entered</font>]]>
    </line>
    <line>
      <![CDATA[<font color='green'>Logged into the application</font>]]>
    </line>
    <line>
      <![CDATA[The Browser is opened now]]>
    </line>
    <line>
      <![CDATA[The Browser is maximized now]]>
    </line>
    <line>
      <![CDATA[<font color='green'>The Web URL is opened now</font>]]>
    </line>
    <line>
      <![CDATA[<font color='green'>The User Name has entered</font>]]>
    </line>
    <line>
      <![CDATA[<font color='green'>Password has entered</font>]]>
    </line>
    <line>
      <![CDATA[<font color='green'>Logged into the application</font>]]>
    </line>
    <line>
      <![CDATA[<font color='green'> Clicked the inbox tab</font>]]>
    </line>
    <line>
      <![CDATA[<font color='green'> Report has been clicked</font>]]>
    </line>
    <line>
      <![CDATA[<font color='red'>Inside click report == false</font>]]>
    </line>
    <line>
      <![CDATA[<font color='green'>trying to click the tabs</font>]]>
    </line>
    <line>
      <![CDATA[<font color='green'>Clicked the ANALYSE Link on top Right hand side</font>]]>
    </line>
    <line>
      <![CDATA[The Browser is opened now]]>
    </line>
    <line>
      <![CDATA[The Browser is maximized now]]>
    </line>
    <line>
      <![CDATA[<font color='green'>The Web URL is opened now</font>]]>
    </line>
    <line>
      <![CDATA[<font color='green'>The User Name has entered</font>]]>
    </line>
    <line>
      <![CDATA[<font color='green'>Password has entered</font>]]>
    </line>
    <line>
      <![CDATA[<font color='green'>Logged into the application</font>]]>
    </line>
    <line>
      <![CDATA[<font color='green'> Clicked the inbox tab</font>]]>
    </line>
    <line>
      <![CDATA[<font color='green'> Report has been clicked</font>]]>
    </line>
    <line>
      <![CDATA[<font color='red'>Inside click report == false</font>]]>
    </line>
    <line>
      <![CDATA[<font color='green'>trying to click the tabs</font>]]>
    </line>
    <line>
      <![CDATA[<font color='green'>Clicked the ANALYSE Link on top Right hand side</font>]]>
    </line>
    <line>
      <![CDATA[<font color='green'>Checking the COMMENTARY in ANALYSE page</font>]]>
    </line>
    <line>
      <![CDATA[<font color='green'>Expected String is present</font>]]>
    </line>
    <line>
      <![CDATA[<font color='green'>Clicked the CHARTS Link in top right hand side</font>]]>
    </line>
    <line>
      <![CDATA[The Browser is opened now]]>
    </line>
    <line>
      <![CDATA[The Browser is maximized now]]>
    </line>
    <line>
      <![CDATA[<font color='green'>The Web URL is opened now</font>]]>
    </line>
    <line>
      <![CDATA[<font color='green'>The User Name has entered</font>]]>
    </line>
    <line>
      <![CDATA[<font color='green'>Password has entered</font>]]>
    </line>
    <line>
      <![CDATA[<font color='green'>Logged into the application</font>]]>
    </line>
    <line>
      <![CDATA[<font color='green'> Clicked the inbox tab</font>]]>
    </line>
    <line>
      <![CDATA[<font color='green'> Report has been clicked</font>]]>
    </line>
    <line>
      <![CDATA[<font color='red'>Inside click report == false</font>]]>
    </line>
    <line>
      <![CDATA[<font color='green'>trying to click the tabs</font>]]>
    </line>
    <line>
      <![CDATA[<font color='green'>Clicked the ANALYSE Link on top Right hand side</font>]]>
    </line>
    <line>
      <![CDATA[<font color='green'>Checking the COMMENTARY in ANALYSE page</font>]]>
    </line>
    <line>
      <![CDATA[<font color='green'>Expected String is present</font>]]>
    </line>
    <line>
      <![CDATA[<font color='green'>Clicked the CHARTS Link in top right hand side</font>]]>
    </line>
    <line>
      <![CDATA[<font color='red'>File does not exist to delete</font>]]>
    </line>
    <line>
      <![CDATA[<font color='green'>Screen shot has been taken into this path</font>]]>
    </line>
    <line>
      <![CDATA[The Browser is opened now]]>
    </line>
    <line>
      <![CDATA[The Browser is maximized now]]>
    </line>
    <line>
      <![CDATA[<font color='green'>The Web URL is opened now</font>]]>
    </line>
    <line>
      <![CDATA[<font color='green'>The User Name has entered</font>]]>
    </line>
    <line>
      <![CDATA[<font color='green'>Password has entered</font>]]>
    </line>
    <line>
      <![CDATA[<font color='green'>Logged into the application</font>]]>
    </line>
    <line>
      <![CDATA[<font color='green'> Clicked the inbox tab</font>]]>
    </line>
    <line>
      <![CDATA[<font color='green'> Report has been clicked</font>]]>
    </line>
    <line>
      <![CDATA[<font color='red'>Inside click report == false</font>]]>
    </line>
    <line>
      <![CDATA[<font color='green'>trying to click the tabs</font>]]>
    </line>
    <line>
      <![CDATA[<font color='green'>Clicked the ANALYSE Link on top Right hand side</font>]]>
    </line>
    <line>
      <![CDATA[<font color='green'>Checking the COMMENTARY in ANALYSE page</font>]]>
    </line>
    <line>
      <![CDATA[<font color='green'>Expected String is present</font>]]>
    </line>
    <line>
      <![CDATA[<font color='green'>Clicked the CHARTS Link in top right hand side</font>]]>
    </line>
    <line>
      <![CDATA[<font color='green'>Old files are deleted</font>]]>
    </line>
    <line>
      <![CDATA[<font color='green'>Screen shot has been taken into this path</font>]]>
    </line>
    <line>
      <![CDATA[<font color='green'>Successfully clicked the Reports tab</font>]]>
    </line>
    <line>
      <![CDATA[<font color='green'>The Report has been selected and Commentry details is entered</font>]]>
    </line>
    <line>
      <![CDATA[<font color='green'>The Report Result page URL is</font>]]>
    </line>
    <line>
      <![CDATA[<font color='green'>Report commentry details has updated</font>]]>
    </line>
  </reporter-output>
  <suite name="Suite" duration-ms="173708" started-at="2019-11-18T09:45:54Z" finished-at="2019-11-18T09:48:48Z">
    <groups>
    </groups>
    <test name="Test" duration-ms="173708" started-at="2019-11-18T09:45:54Z" finished-at="2019-11-18T09:48:48Z">
      <class name="testcases.LoginPage_Testcases">
        <test-method status="PASS" signature="login()[pri:0, instance:testcases.LoginPage_Testcases@192d3247]" name="login" is-config="true" duration-ms="3693" started-at="2019-11-18T09:46:33Z" finished-at="2019-11-18T09:46:36Z">
          <reporter-output>
            <line>
              <![CDATA[The Browser is opened now]]>
            </line>
            <line>
              <![CDATA[The Browser is maximized now]]>
            </line>
          </reporter-output>
        </test-method> <!-- login -->
        <test-method status="PASS" signature="loginLogout(java.lang.String, java.lang.String, java.lang.String)[pri:0, instance:testcases.LoginPage_Testcases@192d3247]" name="loginLogout" duration-ms="4298" started-at="2019-11-18T09:46:36Z" data-provider="fetchData" finished-at="2019-11-18T09:46:41Z">
          <params>
            <param index="0">
              <value>
                <![CDATA[https://10.130.35.58/modules/olapv3/#/login]]>
              </value>
            </param>
            <param index="1">
              <value>
                <![CDATA[mgoodey]]>
              </value>
            </param>
            <param index="2">
              <value>
                <![CDATA[eagle1]]>
              </value>
            </param>
          </params>
          <reporter-output>
            <line>
              <![CDATA[<font color='green'>The Web URL is opened now</font>]]>
            </line>
            <line>
              <![CDATA[<font color='green'>The User Name has entered</font>]]>
            </line>
            <line>
              <![CDATA[<font color='green'>Password has entered</font>]]>
            </line>
            <line>
              <![CDATA[<font color='green'>Logged into the application</font>]]>
            </line>
          </reporter-output>
        </test-method> <!-- loginLogout -->
        <test-method status="PASS" signature="closeBrowser()[pri:0, instance:testcases.LoginPage_Testcases@192d3247]" name="closeBrowser" is-config="true" duration-ms="1039" started-at="2019-11-18T09:46:41Z" finished-at="2019-11-18T09:46:42Z">
          <reporter-output>
          </reporter-output>
        </test-method> <!-- closeBrowser -->
      </class> <!-- testcases.LoginPage_Testcases -->
      <class name="testcases.HomePage_Testcases">
        <test-method status="PASS" signature="login()[pri:0, instance:testcases.HomePage_Testcases@3ecd23d9]" name="login" is-config="true" duration-ms="3670" started-at="2019-11-18T09:46:42Z" finished-at="2019-11-18T09:46:46Z">
          <reporter-output>
            <line>
              <![CDATA[The Browser is opened now]]>
            </line>
            <line>
              <![CDATA[The Browser is maximized now]]>
            </line>
          </reporter-output>
        </test-method> <!-- login -->
        <test-method status="PASS" signature="HomePage(java.lang.String, java.lang.String, java.lang.String, java.lang.String)[pri:0, instance:testcases.HomePage_Testcases@3ecd23d9]" name="HomePage" duration-ms="10440" started-at="2019-11-18T09:46:46Z" data-provider="fetchData" finished-at="2019-11-18T09:46:56Z">
          <params>
            <param index="0">
              <value>
                <![CDATA[https://10.130.35.58/modules/olapv3/#/login]]>
              </value>
            </param>
            <param index="1">
              <value>
                <![CDATA[mgoodey]]>
              </value>
            </param>
            <param index="2">
              <value>
                <![CDATA[eagle1]]>
              </value>
            </param>
            <param index="3">
              <value>
                <![CDATA[Attrib And Risk Report]]>
              </value>
            </param>
          </params>
          <reporter-output>
            <line>
              <![CDATA[<font color='green'>The Web URL is opened now</font>]]>
            </line>
            <line>
              <![CDATA[<font color='green'>The User Name has entered</font>]]>
            </line>
            <line>
              <![CDATA[<font color='green'>Password has entered</font>]]>
            </line>
            <line>
              <![CDATA[<font color='green'>Logged into the application</font>]]>
            </line>
            <line>
              <![CDATA[<font color='green'> Clicked the inbox tab</font>]]>
            </line>
            <line>
              <![CDATA[<font color='green'> Report has been clicked</font>]]>
            </line>
            <line>
              <![CDATA[<font color='red'>Inside click report == false</font>]]>
            </line>
            <line>
              <![CDATA[<font color='green'>trying to click the tabs</font>]]>
            </line>
            <line>
              <![CDATA[<font color='green'>Clicked the ANALYSE Link on top Right hand side</font>]]>
            </line>
          </reporter-output>
        </test-method> <!-- HomePage -->
        <test-method status="PASS" signature="closeBrowser()[pri:0, instance:testcases.HomePage_Testcases@3ecd23d9]" name="closeBrowser" is-config="true" duration-ms="984" started-at="2019-11-18T09:46:56Z" finished-at="2019-11-18T09:46:57Z">
          <reporter-output>
          </reporter-output>
        </test-method> <!-- closeBrowser -->
      </class> <!-- testcases.HomePage_Testcases -->
      <class name="testcases.ReportPage_Testcases">
        <test-method status="PASS" signature="login()[pri:0, instance:testcases.ReportPage_Testcases@33723e30]" name="login" is-config="true" duration-ms="3590" started-at="2019-11-18T09:48:08Z" finished-at="2019-11-18T09:48:12Z">
          <reporter-output>
            <line>
              <![CDATA[The Browser is opened now]]>
            </line>
            <line>
              <![CDATA[The Browser is maximized now]]>
            </line>
          </reporter-output>
        </test-method> <!-- login -->
        <test-method status="PASS" signature="ReportPage(java.lang.String, java.lang.String, java.lang.String, java.lang.String, java.lang.String, java.lang.String, java.lang.String, java.lang.String, java.lang.String, java.lang.String)[pri:0, instance:testcases.ReportPage_Testcases@33723e30]" name="ReportPage" duration-ms="34858" started-at="2019-11-18T09:48:12Z" data-provider="fetchData" finished-at="2019-11-18T09:48:47Z">
          <params>
            <param index="0">
              <value>
                <![CDATA[https://10.130.35.58/modules/olapv3/#/login]]>
              </value>
            </param>
            <param index="1">
              <value>
                <![CDATA[mgoodey]]>
              </value>
            </param>
            <param index="2">
              <value>
                <![CDATA[eagle1]]>
              </value>
            </param>
            <param index="3">
              <value>
                <![CDATA[Attrib And Risk Report]]>
              </value>
            </param>
            <param index="4">
              <value>
                <![CDATA[Analysis for ]]>
              </value>
            </param>
            <param index="5">
              <value>
                <![CDATA[8000]]>
              </value>
            </param>
            <param index="6">
              <value>
                <![CDATA[4 Level Model1]]>
              </value>
            </param>
            <param index="7">
              <value>
                <![CDATA[testsasiURL]]>
              </value>
            </param>
            <param index="8">
              <value>
                <![CDATA[testkey]]>
              </value>
            </param>
            <param index="9">
              <value>
                <![CDATA[C:\Users\sselvarasux\Desktop\screenshot\Chart.png]]>
              </value>
            </param>
          </params>
          <reporter-output>
            <line>
              <![CDATA[<font color='green'>The Web URL is opened now</font>]]>
            </line>
            <line>
              <![CDATA[<font color='green'>The User Name has entered</font>]]>
            </line>
            <line>
              <![CDATA[<font color='green'>Password has entered</font>]]>
            </line>
            <line>
              <![CDATA[<font color='green'>Logged into the application</font>]]>
            </line>
            <line>
              <![CDATA[<font color='green'> Clicked the inbox tab</font>]]>
            </line>
            <line>
              <![CDATA[<font color='green'> Report has been clicked</font>]]>
            </line>
            <line>
              <![CDATA[<font color='red'>Inside click report == false</font>]]>
            </line>
            <line>
              <![CDATA[<font color='green'>trying to click the tabs</font>]]>
            </line>
            <line>
              <![CDATA[<font color='green'>Clicked the ANALYSE Link on top Right hand side</font>]]>
            </line>
            <line>
              <![CDATA[<font color='green'>Checking the COMMENTARY in ANALYSE page</font>]]>
            </line>
            <line>
              <![CDATA[<font color='green'>Expected String is present</font>]]>
            </line>
            <line>
              <![CDATA[<font color='green'>Clicked the CHARTS Link in top right hand side</font>]]>
            </line>
            <line>
              <![CDATA[<font color='green'>Old files are deleted</font>]]>
            </line>
            <line>
              <![CDATA[<font color='green'>Screen shot has been taken into this path</font>]]>
            </line>
            <line>
              <![CDATA[<font color='green'>Successfully clicked the Reports tab</font>]]>
            </line>
            <line>
              <![CDATA[<font color='green'>The Report has been selected and Commentry details is entered</font>]]>
            </line>
            <line>
              <![CDATA[<font color='green'>The Report Result page URL is</font>]]>
            </line>
            <line>
              <![CDATA[<font color='green'>Report commentry details has updated</font>]]>
            </line>
          </reporter-output>
        </test-method> <!-- ReportPage -->
        <test-method status="PASS" signature="closeBrowser()[pri:0, instance:testcases.ReportPage_Testcases@33723e30]" name="closeBrowser" is-config="true" duration-ms="922" started-at="2019-11-18T09:48:47Z" finished-at="2019-11-18T09:48:48Z">
          <reporter-output>
          </reporter-output>
        </test-method> <!-- closeBrowser -->
      </class> <!-- testcases.ReportPage_Testcases -->
      <class name="testcases.Schw15r2dw003_Testcases">
        <test-method status="PASS" signature="login()[pri:0, instance:testcases.Schw15r2dw003_Testcases@7cbd213e]" name="login" is-config="true" duration-ms="4617" started-at="2019-11-18T09:45:55Z" finished-at="2019-11-18T09:46:00Z">
          <reporter-output>
            <line>
              <![CDATA[The Browser is opened now]]>
            </line>
            <line>
              <![CDATA[The Browser is maximized now]]>
            </line>
          </reporter-output>
        </test-method> <!-- login -->
        <test-method status="PASS" signature="loginLogout(java.lang.String, java.lang.String, java.lang.String, java.lang.String, java.lang.String, java.lang.String, java.lang.String)[pri:0, instance:testcases.Schw15r2dw003_Testcases@7cbd213e]" name="loginLogout" duration-ms="31900" started-at="2019-11-18T09:46:00Z" data-provider="fetchData" finished-at="2019-11-18T09:46:32Z">
          <params>
            <param index="0">
              <value>
                <![CDATA[https://schw15r2dw003.eagleinvsys.com/modules/olap/]]>
              </value>
            </param>
            <param index="1">
              <value>
                <![CDATA[mgoodey]]>
              </value>
            </param>
            <param index="2">
              <value>
                <![CDATA[eagle1]]>
              </value>
            </param>
            <param index="3">
              <value>
                <![CDATA[Attrib And Risk Report]]>
              </value>
            </param>
            <param index="4">
              <value>
                <![CDATA[Analysis for ]]>
              </value>
            </param>
            <param index="5">
              <value>
                <![CDATA[8000]]>
              </value>
            </param>
            <param index="6">
              <value>
                <![CDATA[\\sselvarasuw8\screenshot\chartsNew.png]]>
              </value>
            </param>
          </params>
          <reporter-output>
            <line>
              <![CDATA[<font color='green'>The Web URL is opened now</font>]]>
            </line>
            <line>
              <![CDATA[<font color='green'>The User Name has entered</font>]]>
            </line>
            <line>
              <![CDATA[<font color='green'>Password has entered</font>]]>
            </line>
            <line>
              <![CDATA[<font color='green'>Logged into the application</font>]]>
            </line>
            <line>
              <![CDATA[<font color='green'> Clicked the inbox tab</font>]]>
            </line>
            <line>
              <![CDATA[<font color='green'> Report has been clicked</font>]]>
            </line>
            <line>
              <![CDATA[<font color='red'>Inside click report == false</font>]]>
            </line>
            <line>
              <![CDATA[<font color='green'>trying to click the tabs</font>]]>
            </line>
            <line>
              <![CDATA[<font color='green'>Clicked the ANALYSE Link on top Right hand side</font>]]>
            </line>
            <line>
              <![CDATA[<font color='green'>Checking the COMMENTARY in ANALYSE page</font>]]>
            </line>
            <line>
              <![CDATA[<font color='green'>Expected String is present</font>]]>
            </line>
            <line>
              <![CDATA[<font color='green'>Clicked the CHARTS Link in top right hand side</font>]]>
            </line>
            <line>
              <![CDATA[<font color='green'>Old files are deleted</font>]]>
            </line>
            <line>
              <![CDATA[<font color='green'>Screen shot has been taken into this path</font>]]>
            </line>
          </reporter-output>
        </test-method> <!-- loginLogout -->
        <test-method status="PASS" signature="closeBrowser()[pri:0, instance:testcases.Schw15r2dw003_Testcases@7cbd213e]" name="closeBrowser" is-config="true" duration-ms="1110" started-at="2019-11-18T09:46:32Z" finished-at="2019-11-18T09:46:33Z">
          <reporter-output>
          </reporter-output>
        </test-method> <!-- closeBrowser -->
      </class> <!-- testcases.Schw15r2dw003_Testcases -->
      <class name="testcases.ResultPage_Testcases">
        <test-method status="PASS" signature="login()[pri:0, instance:testcases.ResultPage_Testcases@569cfc36]" name="login" is-config="true" duration-ms="3709" started-at="2019-11-18T09:46:57Z" finished-at="2019-11-18T09:47:01Z">
          <reporter-output>
            <line>
              <![CDATA[The Browser is opened now]]>
            </line>
            <line>
              <![CDATA[The Browser is maximized now]]>
            </line>
          </reporter-output>
        </test-method> <!-- login -->
        <test-method status="PASS" signature="ResultPage(java.lang.String, java.lang.String, java.lang.String, java.lang.String, java.lang.String)[pri:0, instance:testcases.ResultPage_Testcases@569cfc36]" name="ResultPage" duration-ms="30782" started-at="2019-11-18T09:47:01Z" data-provider="fetchData" finished-at="2019-11-18T09:47:31Z">
          <params>
            <param index="0">
              <value>
                <![CDATA[https://10.130.35.58/modules/olapv3/#/login]]>
              </value>
            </param>
            <param index="1">
              <value>
                <![CDATA[mgoodey]]>
              </value>
            </param>
            <param index="2">
              <value>
                <![CDATA[eagle1]]>
              </value>
            </param>
            <param index="3">
              <value>
                <![CDATA[Attrib And Risk Report]]>
              </value>
            </param>
            <param index="4">
              <value>
                <![CDATA[Analysis for ]]>
              </value>
            </param>
          </params>
          <reporter-output>
            <line>
              <![CDATA[<font color='green'>The Web URL is opened now</font>]]>
            </line>
            <line>
              <![CDATA[<font color='green'>The User Name has entered</font>]]>
            </line>
            <line>
              <![CDATA[<font color='green'>Password has entered</font>]]>
            </line>
            <line>
              <![CDATA[<font color='green'>Logged into the application</font>]]>
            </line>
            <line>
              <![CDATA[<font color='green'> Clicked the inbox tab</font>]]>
            </line>
            <line>
              <![CDATA[<font color='green'> Report has been clicked</font>]]>
            </line>
            <line>
              <![CDATA[<font color='red'>Inside click report == false</font>]]>
            </line>
            <line>
              <![CDATA[<font color='green'>trying to click the tabs</font>]]>
            </line>
            <line>
              <![CDATA[<font color='green'>Clicked the ANALYSE Link on top Right hand side</font>]]>
            </line>
            <line>
              <![CDATA[<font color='green'>Checking the COMMENTARY in ANALYSE page</font>]]>
            </line>
            <line>
              <![CDATA[<font color='green'>Expected String is present</font>]]>
            </line>
            <line>
              <![CDATA[<font color='green'>Clicked the CHARTS Link in top right hand side</font>]]>
            </line>
          </reporter-output>
        </test-method> <!-- ResultPage -->
        <test-method status="PASS" signature="closeBrowser()[pri:0, instance:testcases.ResultPage_Testcases@569cfc36]" name="closeBrowser" is-config="true" duration-ms="984" started-at="2019-11-18T09:47:31Z" finished-at="2019-11-18T09:47:32Z">
          <reporter-output>
          </reporter-output>
        </test-method> <!-- closeBrowser -->
      </class> <!-- testcases.ResultPage_Testcases -->
      <class name="testcases.ChartsPage_Testcases">
        <test-method status="PASS" signature="setData()[pri:0, instance:testcases.ChartsPage_Testcases@43bd930a]" name="setData" is-config="true" duration-ms="16" started-at="2019-11-18T09:45:54Z" finished-at="2019-11-18T09:45:54Z">
          <reporter-output>
          </reporter-output>
        </test-method> <!-- setData -->
        <test-method status="PASS" signature="setData()[pri:0, instance:testcases.HomePage_Testcases@3ecd23d9]" name="setData" is-config="true" duration-ms="0" started-at="2019-11-18T09:45:54Z" finished-at="2019-11-18T09:45:54Z">
          <reporter-output>
          </reporter-output>
        </test-method> <!-- setData -->
        <test-method status="PASS" signature="setData()[pri:0, instance:testcases.Schw15r2dw003_Testcases@7cbd213e]" name="setData" is-config="true" duration-ms="0" started-at="2019-11-18T09:45:54Z" finished-at="2019-11-18T09:45:54Z">
          <reporter-output>
          </reporter-output>
        </test-method> <!-- setData -->
        <test-method status="PASS" signature="setData()[pri:0, instance:testcases.ReportPage_Testcases@33723e30]" name="setData" is-config="true" duration-ms="0" started-at="2019-11-18T09:45:54Z" finished-at="2019-11-18T09:45:54Z">
          <reporter-output>
          </reporter-output>
        </test-method> <!-- setData -->
        <test-method status="PASS" signature="setData()[pri:0, instance:testcases.ResultPage_Testcases@569cfc36]" name="setData" is-config="true" duration-ms="0" started-at="2019-11-18T09:45:54Z" finished-at="2019-11-18T09:45:54Z">
          <reporter-output>
          </reporter-output>
        </test-method> <!-- setData -->
        <test-method status="PASS" signature="setData()[pri:0, instance:testcases.LoginPage_Testcases@192d3247]" name="setData" is-config="true" duration-ms="0" started-at="2019-11-18T09:45:54Z" finished-at="2019-11-18T09:45:54Z">
          <reporter-output>
          </reporter-output>
        </test-method> <!-- setData -->
        <test-method status="PASS" signature="login()[pri:0, instance:testcases.ChartsPage_Testcases@43bd930a]" name="login" is-config="true" duration-ms="3627" started-at="2019-11-18T09:47:33Z" finished-at="2019-11-18T09:47:36Z">
          <reporter-output>
            <line>
              <![CDATA[The Browser is opened now]]>
            </line>
            <line>
              <![CDATA[The Browser is maximized now]]>
            </line>
          </reporter-output>
        </test-method> <!-- login -->
        <test-method status="PASS" signature="ChartsPage(java.lang.String, java.lang.String, java.lang.String, java.lang.String, java.lang.String, java.lang.String)[pri:0, instance:testcases.ChartsPage_Testcases@43bd930a]" name="ChartsPage" duration-ms="31311" started-at="2019-11-18T09:47:36Z" data-provider="fetchData" finished-at="2019-11-18T09:48:07Z">
          <params>
            <param index="0">
              <value>
                <![CDATA[https://10.130.35.58/modules/olapv3/#/login]]>
              </value>
            </param>
            <param index="1">
              <value>
                <![CDATA[mgoodey]]>
              </value>
            </param>
            <param index="2">
              <value>
                <![CDATA[eagle1]]>
              </value>
            </param>
            <param index="3">
              <value>
                <![CDATA[Attrib And Risk Report]]>
              </value>
            </param>
            <param index="4">
              <value>
                <![CDATA[Analysis for ]]>
              </value>
            </param>
            <param index="5">
              <value>
                <![CDATA[\\sselvarasuw8\screenshot\charts.png]]>
              </value>
            </param>
          </params>
          <reporter-output>
            <line>
              <![CDATA[<font color='green'>The Web URL is opened now</font>]]>
            </line>
            <line>
              <![CDATA[<font color='green'>The User Name has entered</font>]]>
            </line>
            <line>
              <![CDATA[<font color='green'>Password has entered</font>]]>
            </line>
            <line>
              <![CDATA[<font color='green'>Logged into the application</font>]]>
            </line>
            <line>
              <![CDATA[<font color='green'> Clicked the inbox tab</font>]]>
            </line>
            <line>
              <![CDATA[<font color='green'> Report has been clicked</font>]]>
            </line>
            <line>
              <![CDATA[<font color='red'>Inside click report == false</font>]]>
            </line>
            <line>
              <![CDATA[<font color='green'>trying to click the tabs</font>]]>
            </line>
            <line>
              <![CDATA[<font color='green'>Clicked the ANALYSE Link on top Right hand side</font>]]>
            </line>
            <line>
              <![CDATA[<font color='green'>Checking the COMMENTARY in ANALYSE page</font>]]>
            </line>
            <line>
              <![CDATA[<font color='green'>Expected String is present</font>]]>
            </line>
            <line>
              <![CDATA[<font color='green'>Clicked the CHARTS Link in top right hand side</font>]]>
            </line>
            <line>
              <![CDATA[<font color='red'>File does not exist to delete</font>]]>
            </line>
            <line>
              <![CDATA[<font color='green'>Screen shot has been taken into this path</font>]]>
            </line>
          </reporter-output>
        </test-method> <!-- ChartsPage -->
        <test-method status="PASS" signature="closeBrowser()[pri:0, instance:testcases.ChartsPage_Testcases@43bd930a]" name="closeBrowser" is-config="true" duration-ms="936" started-at="2019-11-18T09:48:07Z" finished-at="2019-11-18T09:48:08Z">
          <reporter-output>
          </reporter-output>
        </test-method> <!-- closeBrowser -->
      </class> <!-- testcases.ChartsPage_Testcases -->
    </test> <!-- Test -->
  </suite> <!-- Suite -->
</testng-results>
