<?xml version="1.0" encoding="UTF-8"?>
<testng-results skipped="0" failed="0" ignored="0" total="5" passed="5">
  <reporter-output>
  </reporter-output>
  <suite name="Suite" duration-ms="111790" started-at="2019-10-18T12:37:33Z" finished-at="2019-10-18T12:39:25Z">
    <groups>
    </groups>
    <test name="Test" duration-ms="111790" started-at="2019-10-18T12:37:33Z" finished-at="2019-10-18T12:39:25Z">
      <class name="testcases.LoginPage_Testcases">
        <test-method status="PASS" signature="login()[pri:0, instance:testcases.LoginPage_Testcases@52f759d7]" name="login" is-config="true" duration-ms="4579" started-at="2019-10-18T12:37:34Z" finished-at="2019-10-18T12:37:39Z">
          <reporter-output>
          </reporter-output>
        </test-method> <!-- login -->
        <test-method status="PASS" signature="loginLogout(java.lang.String, java.lang.String, java.lang.String)[pri:0, instance:testcases.LoginPage_Testcases@52f759d7]" name="loginLogout" duration-ms="5570" started-at="2019-10-18T12:37:39Z" data-provider="fetchData" finished-at="2019-10-18T12:37:45Z">
          <params>
            <param index="0">
              <value>
                <![CDATA[https://10.130.35.58/modules/olapv3/#/login]]>
              </value>
            </param>
            <param index="1">
              <value>
                <![CDATA[mgoodey]]>
              </value>
            </param>
            <param index="2">
              <value>
                <![CDATA[eagle1]]>
              </value>
            </param>
          </params>
          <reporter-output>
          </reporter-output>
        </test-method> <!-- loginLogout -->
        <test-method status="PASS" signature="closeBrowser()[pri:0, instance:testcases.LoginPage_Testcases@52f759d7]" name="closeBrowser" is-config="true" duration-ms="1109" started-at="2019-10-18T12:37:45Z" finished-at="2019-10-18T12:37:46Z">
          <reporter-output>
          </reporter-output>
        </test-method> <!-- closeBrowser -->
      </class> <!-- testcases.LoginPage_Testcases -->
      <class name="testcases.HomePage_Testcases">
        <test-method status="PASS" signature="login()[pri:0, instance:testcases.HomePage_Testcases@7cbd213e]" name="login" is-config="true" duration-ms="3601" started-at="2019-10-18T12:37:46Z" finished-at="2019-10-18T12:37:49Z">
          <reporter-output>
          </reporter-output>
        </test-method> <!-- login -->
        <test-method status="PASS" signature="HomePage(java.lang.String, java.lang.String, java.lang.String, java.lang.String)[pri:0, instance:testcases.HomePage_Testcases@7cbd213e]" name="HomePage" duration-ms="11933" started-at="2019-10-18T12:37:49Z" data-provider="fetchData" finished-at="2019-10-18T12:38:01Z">
          <params>
            <param index="0">
              <value>
                <![CDATA[https://10.130.35.58/modules/olapv3/#/login]]>
              </value>
            </param>
            <param index="1">
              <value>
                <![CDATA[mgoodey]]>
              </value>
            </param>
            <param index="2">
              <value>
                <![CDATA[eagle1]]>
              </value>
            </param>
            <param index="3">
              <value>
                <![CDATA[Attrib And Risk Report]]>
              </value>
            </param>
          </params>
          <reporter-output>
          </reporter-output>
        </test-method> <!-- HomePage -->
        <test-method status="PASS" signature="closeBrowser()[pri:0, instance:testcases.HomePage_Testcases@7cbd213e]" name="closeBrowser" is-config="true" duration-ms="964" started-at="2019-10-18T12:38:01Z" finished-at="2019-10-18T12:38:02Z">
          <reporter-output>
          </reporter-output>
        </test-method> <!-- closeBrowser -->
      </class> <!-- testcases.HomePage_Testcases -->
      <class name="testcases.ReportPage_Testcases">
        <test-method status="PASS" signature="login()[pri:0, instance:testcases.ReportPage_Testcases@569cfc36]" name="login" is-config="true" duration-ms="3635" started-at="2019-10-18T12:38:54Z" finished-at="2019-10-18T12:38:58Z">
          <reporter-output>
          </reporter-output>
        </test-method> <!-- login -->
        <test-method status="PASS" signature="ReportPage(java.lang.String, java.lang.String, java.lang.String, java.lang.String, java.lang.String, java.lang.String, java.lang.String, java.lang.String, java.lang.String, java.lang.String)[pri:0, instance:testcases.ReportPage_Testcases@569cfc36]" name="ReportPage" duration-ms="26671" started-at="2019-10-18T12:38:58Z" data-provider="fetchData" finished-at="2019-10-18T12:39:24Z">
          <params>
            <param index="0">
              <value>
                <![CDATA[https://10.130.35.58/modules/olapv3/#/login]]>
              </value>
            </param>
            <param index="1">
              <value>
                <![CDATA[mgoodey]]>
              </value>
            </param>
            <param index="2">
              <value>
                <![CDATA[eagle1]]>
              </value>
            </param>
            <param index="3">
              <value>
                <![CDATA[Attrib And Risk Report]]>
              </value>
            </param>
            <param index="4">
              <value>
                <![CDATA[Analysis for ]]>
              </value>
            </param>
            <param index="5">
              <value>
                <![CDATA[8000]]>
              </value>
            </param>
            <param index="6">
              <value>
                <![CDATA[4 Level Model1]]>
              </value>
            </param>
            <param index="7">
              <value>
                <![CDATA[testsasiURL]]>
              </value>
            </param>
            <param index="8">
              <value>
                <![CDATA[testkey]]>
              </value>
            </param>
            <param index="9">
              <value>
                <![CDATA[C:\Users\sselvarasux\Desktop\screenshot\Chart.png]]>
              </value>
            </param>
          </params>
          <reporter-output>
          </reporter-output>
        </test-method> <!-- ReportPage -->
        <test-method status="PASS" signature="closeBrowser()[pri:0, instance:testcases.ReportPage_Testcases@569cfc36]" name="closeBrowser" is-config="true" duration-ms="959" started-at="2019-10-18T12:39:24Z" finished-at="2019-10-18T12:39:25Z">
          <reporter-output>
          </reporter-output>
        </test-method> <!-- closeBrowser -->
      </class> <!-- testcases.ReportPage_Testcases -->
      <class name="testcases.ResultPage_Testcases">
        <test-method status="PASS" signature="login()[pri:0, instance:testcases.ResultPage_Testcases@192d3247]" name="login" is-config="true" duration-ms="3651" started-at="2019-10-18T12:38:02Z" finished-at="2019-10-18T12:38:06Z">
          <reporter-output>
          </reporter-output>
        </test-method> <!-- login -->
        <test-method status="PASS" signature="ResultPage(java.lang.String, java.lang.String, java.lang.String, java.lang.String, java.lang.String)[pri:0, instance:testcases.ResultPage_Testcases@192d3247]" name="ResultPage" duration-ms="20837" started-at="2019-10-18T12:38:06Z" data-provider="fetchData" finished-at="2019-10-18T12:38:27Z">
          <params>
            <param index="0">
              <value>
                <![CDATA[https://10.130.35.58/modules/olapv3/#/login]]>
              </value>
            </param>
            <param index="1">
              <value>
                <![CDATA[mgoodey]]>
              </value>
            </param>
            <param index="2">
              <value>
                <![CDATA[eagle1]]>
              </value>
            </param>
            <param index="3">
              <value>
                <![CDATA[Attrib And Risk Report]]>
              </value>
            </param>
            <param index="4">
              <value>
                <![CDATA[Analysis for ]]>
              </value>
            </param>
          </params>
          <reporter-output>
          </reporter-output>
        </test-method> <!-- ResultPage -->
        <test-method status="PASS" signature="closeBrowser()[pri:0, instance:testcases.ResultPage_Testcases@192d3247]" name="closeBrowser" is-config="true" duration-ms="993" started-at="2019-10-18T12:38:27Z" finished-at="2019-10-18T12:38:28Z">
          <reporter-output>
          </reporter-output>
        </test-method> <!-- closeBrowser -->
      </class> <!-- testcases.ResultPage_Testcases -->
      <class name="testcases.ChartsPage_Testcases">
        <test-method status="PASS" signature="setData()[pri:0, instance:testcases.ChartsPage_Testcases@3ecd23d9]" name="setData" is-config="true" duration-ms="15" started-at="2019-10-18T12:37:33Z" finished-at="2019-10-18T12:37:33Z">
          <reporter-output>
          </reporter-output>
        </test-method> <!-- setData -->
        <test-method status="PASS" signature="setData()[pri:0, instance:testcases.ReportPage_Testcases@569cfc36]" name="setData" is-config="true" duration-ms="0" started-at="2019-10-18T12:37:33Z" finished-at="2019-10-18T12:37:33Z">
          <reporter-output>
          </reporter-output>
        </test-method> <!-- setData -->
        <test-method status="PASS" signature="setData()[pri:0, instance:testcases.HomePage_Testcases@7cbd213e]" name="setData" is-config="true" duration-ms="0" started-at="2019-10-18T12:37:33Z" finished-at="2019-10-18T12:37:33Z">
          <reporter-output>
          </reporter-output>
        </test-method> <!-- setData -->
        <test-method status="PASS" signature="setData()[pri:0, instance:testcases.LoginPage_Testcases@52f759d7]" name="setData" is-config="true" duration-ms="0" started-at="2019-10-18T12:37:33Z" finished-at="2019-10-18T12:37:33Z">
          <reporter-output>
          </reporter-output>
        </test-method> <!-- setData -->
        <test-method status="PASS" signature="setData()[pri:0, instance:testcases.ResultPage_Testcases@192d3247]" name="setData" is-config="true" duration-ms="0" started-at="2019-10-18T12:37:33Z" finished-at="2019-10-18T12:37:33Z">
          <reporter-output>
          </reporter-output>
        </test-method> <!-- setData -->
        <test-method status="PASS" signature="login()[pri:0, instance:testcases.ChartsPage_Testcases@3ecd23d9]" name="login" is-config="true" duration-ms="3666" started-at="2019-10-18T12:38:28Z" finished-at="2019-10-18T12:38:32Z">
          <reporter-output>
          </reporter-output>
        </test-method> <!-- login -->
        <test-method status="PASS" signature="ChartsPage(java.lang.String, java.lang.String, java.lang.String, java.lang.String, java.lang.String, java.lang.String)[pri:0, instance:testcases.ChartsPage_Testcases@3ecd23d9]" name="ChartsPage" duration-ms="21337" started-at="2019-10-18T12:38:32Z" data-provider="fetchData" finished-at="2019-10-18T12:38:53Z">
          <params>
            <param index="0">
              <value>
                <![CDATA[https://10.130.35.58/modules/olapv3/#/login]]>
              </value>
            </param>
            <param index="1">
              <value>
                <![CDATA[mgoodey]]>
              </value>
            </param>
            <param index="2">
              <value>
                <![CDATA[eagle1]]>
              </value>
            </param>
            <param index="3">
              <value>
                <![CDATA[Attrib And Risk Report]]>
              </value>
            </param>
            <param index="4">
              <value>
                <![CDATA[Analysis for ]]>
              </value>
            </param>
            <param index="5">
              <value>
                <![CDATA[C:\Users\sselvarasux\Desktop\screenshot\Chart.png]]>
              </value>
            </param>
          </params>
          <reporter-output>
          </reporter-output>
        </test-method> <!-- ChartsPage -->
        <test-method status="PASS" signature="closeBrowser()[pri:0, instance:testcases.ChartsPage_Testcases@3ecd23d9]" name="closeBrowser" is-config="true" duration-ms="1031" started-at="2019-10-18T12:38:53Z" finished-at="2019-10-18T12:38:54Z">
          <reporter-output>
          </reporter-output>
        </test-method> <!-- closeBrowser -->
      </class> <!-- testcases.ChartsPage_Testcases -->
    </test> <!-- Test -->
  </suite> <!-- Suite -->
</testng-results>
