<?xml version="1.0" encoding="UTF-8"?>
<testng-results skipped="0" failed="0" ignored="0" total="5" passed="5">
  <reporter-output>
    <line>
      <![CDATA[The Browser is opened now]]>
    </line>
    <line>
      <![CDATA[The Browser is maximized now]]>
    </line>
    <line>
      <![CDATA[<font color='green'>The Web URL is opened now</font>]]>
    </line>
    <line>
      <![CDATA[<font color='green'>The User Name has entered</font>]]>
    </line>
    <line>
      <![CDATA[<font color='green'>Password has entered</font>]]>
    </line>
    <line>
      <![CDATA[<font color='green'>Logged into the application</font>]]>
    </line>
    <line>
      <![CDATA[The Browser is opened now]]>
    </line>
    <line>
      <![CDATA[The Browser is maximized now]]>
    </line>
    <line>
      <![CDATA[<font color='green'>The Web URL is opened now</font>]]>
    </line>
    <line>
      <![CDATA[<font color='green'>The User Name has entered</font>]]>
    </line>
    <line>
      <![CDATA[<font color='green'>Password has entered</font>]]>
    </line>
    <line>
      <![CDATA[<font color='green'>Logged into the application</font>]]>
    </line>
    <line>
      <![CDATA[<font color='green'> Clicked the inbox tab</font>]]>
    </line>
    <line>
      <![CDATA[<font color='green'> Report has been clicked</font>]]>
    </line>
    <line>
      <![CDATA[<font color='red'>Inside click report == false</font>]]>
    </line>
    <line>
      <![CDATA[<font color='green'>trying to click the tabs</font>]]>
    </line>
    <line>
      <![CDATA[<font color='green'>Clicked the ANALYSE Link on top Right hand side</font>]]>
    </line>
    <line>
      <![CDATA[The Browser is opened now]]>
    </line>
    <line>
      <![CDATA[The Browser is maximized now]]>
    </line>
    <line>
      <![CDATA[<font color='green'>The Web URL is opened now</font>]]>
    </line>
    <line>
      <![CDATA[<font color='green'>The User Name has entered</font>]]>
    </line>
    <line>
      <![CDATA[<font color='green'>Password has entered</font>]]>
    </line>
    <line>
      <![CDATA[<font color='green'>Logged into the application</font>]]>
    </line>
    <line>
      <![CDATA[<font color='green'> Clicked the inbox tab</font>]]>
    </line>
    <line>
      <![CDATA[<font color='green'> Report has been clicked</font>]]>
    </line>
    <line>
      <![CDATA[<font color='red'>Inside click report == false</font>]]>
    </line>
    <line>
      <![CDATA[<font color='green'>trying to click the tabs</font>]]>
    </line>
    <line>
      <![CDATA[<font color='green'>Clicked the ANALYSE Link on top Right hand side</font>]]>
    </line>
    <line>
      <![CDATA[<font color='green'>Checking the COMMENTARY in ANALYSE page</font>]]>
    </line>
    <line>
      <![CDATA[<font color='green'>Expected String is present</font>]]>
    </line>
    <line>
      <![CDATA[<font color='green'>Clicked the CHARTS Link in top right hand side</font>]]>
    </line>
    <line>
      <![CDATA[The Browser is opened now]]>
    </line>
    <line>
      <![CDATA[The Browser is maximized now]]>
    </line>
    <line>
      <![CDATA[<font color='green'>The Web URL is opened now</font>]]>
    </line>
    <line>
      <![CDATA[<font color='green'>The User Name has entered</font>]]>
    </line>
    <line>
      <![CDATA[<font color='green'>Password has entered</font>]]>
    </line>
    <line>
      <![CDATA[<font color='green'>Logged into the application</font>]]>
    </line>
    <line>
      <![CDATA[<font color='green'> Clicked the inbox tab</font>]]>
    </line>
    <line>
      <![CDATA[<font color='green'> Report has been clicked</font>]]>
    </line>
    <line>
      <![CDATA[<font color='red'>Inside click report == false</font>]]>
    </line>
    <line>
      <![CDATA[<font color='green'>trying to click the tabs</font>]]>
    </line>
    <line>
      <![CDATA[<font color='green'>Clicked the ANALYSE Link on top Right hand side</font>]]>
    </line>
    <line>
      <![CDATA[<font color='green'>Checking the COMMENTARY in ANALYSE page</font>]]>
    </line>
    <line>
      <![CDATA[<font color='green'>Expected String is present</font>]]>
    </line>
    <line>
      <![CDATA[<font color='green'>Clicked the CHARTS Link in top right hand side</font>]]>
    </line>
    <line>
      <![CDATA[<font color='green'>Old files are deleted</font>]]>
    </line>
    <line>
      <![CDATA[<font color='green'>Screen shot has been taken into this path</font>]]>
    </line>
    <line>
      <![CDATA[The Browser is opened now]]>
    </line>
    <line>
      <![CDATA[The Browser is maximized now]]>
    </line>
    <line>
      <![CDATA[<font color='green'>The Web URL is opened now</font>]]>
    </line>
    <line>
      <![CDATA[<font color='green'>The User Name has entered</font>]]>
    </line>
    <line>
      <![CDATA[<font color='green'>Password has entered</font>]]>
    </line>
    <line>
      <![CDATA[<font color='green'>Logged into the application</font>]]>
    </line>
    <line>
      <![CDATA[<font color='green'> Clicked the inbox tab</font>]]>
    </line>
    <line>
      <![CDATA[<font color='green'> Report has been clicked</font>]]>
    </line>
    <line>
      <![CDATA[<font color='red'>Inside click report == false</font>]]>
    </line>
    <line>
      <![CDATA[<font color='green'>trying to click the tabs</font>]]>
    </line>
    <line>
      <![CDATA[<font color='green'>Clicked the ANALYSE Link on top Right hand side</font>]]>
    </line>
    <line>
      <![CDATA[<font color='green'>Checking the COMMENTARY in ANALYSE page</font>]]>
    </line>
    <line>
      <![CDATA[<font color='green'>Expected String is present</font>]]>
    </line>
    <line>
      <![CDATA[<font color='green'>Clicked the CHARTS Link in top right hand side</font>]]>
    </line>
    <line>
      <![CDATA[<font color='green'>Old files are deleted</font>]]>
    </line>
    <line>
      <![CDATA[<font color='green'>Screen shot has been taken into this path</font>]]>
    </line>
    <line>
      <![CDATA[<font color='green'>Successfully clicked the Reports tab</font>]]>
    </line>
    <line>
      <![CDATA[<font color='green'>The Report has been selected and Commentry details is entered</font>]]>
    </line>
    <line>
      <![CDATA[<font color='green'>The Report Result page URL is</font>]]>
    </line>
    <line>
      <![CDATA[<font color='green'>Report commentry details has updated</font>]]>
    </line>
  </reporter-output>
  <suite name="Suite" duration-ms="164695" started-at="2020-03-03T07:23:46Z" finished-at="2020-03-03T07:26:31Z">
    <groups>
    </groups>
    <test name="Test" duration-ms="164695" started-at="2020-03-03T07:23:46Z" finished-at="2020-03-03T07:26:31Z">
      <class name="testcases.LoginPage_Testcases">
        <test-method status="PASS" signature="login()[pri:0, instance:testcases.LoginPage_Testcases@52f759d7]" name="login" is-config="true" duration-ms="5527" started-at="2020-03-03T07:23:48Z" finished-at="2020-03-03T07:23:53Z">
          <reporter-output>
            <line>
              <![CDATA[The Browser is opened now]]>
            </line>
            <line>
              <![CDATA[The Browser is maximized now]]>
            </line>
          </reporter-output>
        </test-method> <!-- login -->
        <test-method status="PASS" signature="loginLogout(java.lang.String, java.lang.String, java.lang.String)[pri:0, instance:testcases.LoginPage_Testcases@52f759d7]" name="loginLogout" duration-ms="5520" started-at="2020-03-03T07:23:53Z" data-provider="fetchData" finished-at="2020-03-03T07:23:59Z">
          <params>
            <param index="0">
              <value>
                <![CDATA[https://10.130.35.58/modules/olapv3/#/login]]>
              </value>
            </param>
            <param index="1">
              <value>
                <![CDATA[mgoodey]]>
              </value>
            </param>
            <param index="2">
              <value>
                <![CDATA[eagle1]]>
              </value>
            </param>
          </params>
          <reporter-output>
            <line>
              <![CDATA[<font color='green'>The Web URL is opened now</font>]]>
            </line>
            <line>
              <![CDATA[<font color='green'>The User Name has entered</font>]]>
            </line>
            <line>
              <![CDATA[<font color='green'>Password has entered</font>]]>
            </line>
            <line>
              <![CDATA[<font color='green'>Logged into the application</font>]]>
            </line>
          </reporter-output>
        </test-method> <!-- loginLogout -->
        <test-method status="PASS" signature="closeBrowser()[pri:0, instance:testcases.LoginPage_Testcases@52f759d7]" name="closeBrowser" is-config="true" duration-ms="1489" started-at="2020-03-03T07:23:59Z" finished-at="2020-03-03T07:24:00Z">
          <reporter-output>
          </reporter-output>
        </test-method> <!-- closeBrowser -->
      </class> <!-- testcases.LoginPage_Testcases -->
      <class name="testcases.HomePage_Testcases">
        <test-method status="PASS" signature="login()[pri:0, instance:testcases.HomePage_Testcases@7cbd213e]" name="login" is-config="true" duration-ms="4311" started-at="2020-03-03T07:24:00Z" finished-at="2020-03-03T07:24:05Z">
          <reporter-output>
            <line>
              <![CDATA[The Browser is opened now]]>
            </line>
            <line>
              <![CDATA[The Browser is maximized now]]>
            </line>
          </reporter-output>
        </test-method> <!-- login -->
        <test-method status="PASS" signature="HomePage(java.lang.String, java.lang.String, java.lang.String, java.lang.String)[pri:0, instance:testcases.HomePage_Testcases@7cbd213e]" name="HomePage" duration-ms="14886" started-at="2020-03-03T07:24:05Z" data-provider="fetchData" finished-at="2020-03-03T07:24:20Z">
          <params>
            <param index="0">
              <value>
                <![CDATA[https://10.130.35.58/modules/olapv3/#/login]]>
              </value>
            </param>
            <param index="1">
              <value>
                <![CDATA[mgoodey]]>
              </value>
            </param>
            <param index="2">
              <value>
                <![CDATA[eagle1]]>
              </value>
            </param>
            <param index="3">
              <value>
                <![CDATA[Attrib And Risk Report]]>
              </value>
            </param>
          </params>
          <reporter-output>
            <line>
              <![CDATA[<font color='green'>The Web URL is opened now</font>]]>
            </line>
            <line>
              <![CDATA[<font color='green'>The User Name has entered</font>]]>
            </line>
            <line>
              <![CDATA[<font color='green'>Password has entered</font>]]>
            </line>
            <line>
              <![CDATA[<font color='green'>Logged into the application</font>]]>
            </line>
            <line>
              <![CDATA[<font color='green'> Clicked the inbox tab</font>]]>
            </line>
            <line>
              <![CDATA[<font color='green'> Report has been clicked</font>]]>
            </line>
            <line>
              <![CDATA[<font color='red'>Inside click report == false</font>]]>
            </line>
            <line>
              <![CDATA[<font color='green'>trying to click the tabs</font>]]>
            </line>
            <line>
              <![CDATA[<font color='green'>Clicked the ANALYSE Link on top Right hand side</font>]]>
            </line>
          </reporter-output>
        </test-method> <!-- HomePage -->
        <test-method status="PASS" signature="closeBrowser()[pri:0, instance:testcases.HomePage_Testcases@7cbd213e]" name="closeBrowser" is-config="true" duration-ms="1120" started-at="2020-03-03T07:24:20Z" finished-at="2020-03-03T07:24:21Z">
          <reporter-output>
          </reporter-output>
        </test-method> <!-- closeBrowser -->
      </class> <!-- testcases.HomePage_Testcases -->
      <class name="testcases.ReportPage_Testcases">
        <test-method status="PASS" signature="login()[pri:0, instance:testcases.ReportPage_Testcases@569cfc36]" name="login" is-config="true" duration-ms="4429" started-at="2020-03-03T07:25:44Z" finished-at="2020-03-03T07:25:48Z">
          <reporter-output>
            <line>
              <![CDATA[The Browser is opened now]]>
            </line>
            <line>
              <![CDATA[The Browser is maximized now]]>
            </line>
          </reporter-output>
        </test-method> <!-- login -->
        <test-method status="PASS" signature="ReportPage(java.lang.String, java.lang.String, java.lang.String, java.lang.String, java.lang.String, java.lang.String, java.lang.String, java.lang.String, java.lang.String, java.lang.String)[pri:0, instance:testcases.ReportPage_Testcases@569cfc36]" name="ReportPage" duration-ms="41627" started-at="2020-03-03T07:25:48Z" data-provider="fetchData" finished-at="2020-03-03T07:26:30Z">
          <params>
            <param index="0">
              <value>
                <![CDATA[https://10.130.35.58/modules/olapv3/#/login]]>
              </value>
            </param>
            <param index="1">
              <value>
                <![CDATA[mgoodey]]>
              </value>
            </param>
            <param index="2">
              <value>
                <![CDATA[eagle1]]>
              </value>
            </param>
            <param index="3">
              <value>
                <![CDATA[Attrib And Risk Report]]>
              </value>
            </param>
            <param index="4">
              <value>
                <![CDATA[Analysis for ]]>
              </value>
            </param>
            <param index="5">
              <value>
                <![CDATA[8000]]>
              </value>
            </param>
            <param index="6">
              <value>
                <![CDATA[4 Level Model1]]>
              </value>
            </param>
            <param index="7">
              <value>
                <![CDATA[testsasiURL]]>
              </value>
            </param>
            <param index="8">
              <value>
                <![CDATA[testkey]]>
              </value>
            </param>
            <param index="9">
              <value>
                <![CDATA[C:\Users\sselvarasux\Desktop\screenshot\Chart.png]]>
              </value>
            </param>
          </params>
          <reporter-output>
            <line>
              <![CDATA[<font color='green'>The Web URL is opened now</font>]]>
            </line>
            <line>
              <![CDATA[<font color='green'>The User Name has entered</font>]]>
            </line>
            <line>
              <![CDATA[<font color='green'>Password has entered</font>]]>
            </line>
            <line>
              <![CDATA[<font color='green'>Logged into the application</font>]]>
            </line>
            <line>
              <![CDATA[<font color='green'> Clicked the inbox tab</font>]]>
            </line>
            <line>
              <![CDATA[<font color='green'> Report has been clicked</font>]]>
            </line>
            <line>
              <![CDATA[<font color='red'>Inside click report == false</font>]]>
            </line>
            <line>
              <![CDATA[<font color='green'>trying to click the tabs</font>]]>
            </line>
            <line>
              <![CDATA[<font color='green'>Clicked the ANALYSE Link on top Right hand side</font>]]>
            </line>
            <line>
              <![CDATA[<font color='green'>Checking the COMMENTARY in ANALYSE page</font>]]>
            </line>
            <line>
              <![CDATA[<font color='green'>Expected String is present</font>]]>
            </line>
            <line>
              <![CDATA[<font color='green'>Clicked the CHARTS Link in top right hand side</font>]]>
            </line>
            <line>
              <![CDATA[<font color='green'>Old files are deleted</font>]]>
            </line>
            <line>
              <![CDATA[<font color='green'>Screen shot has been taken into this path</font>]]>
            </line>
            <line>
              <![CDATA[<font color='green'>Successfully clicked the Reports tab</font>]]>
            </line>
            <line>
              <![CDATA[<font color='green'>The Report has been selected and Commentry details is entered</font>]]>
            </line>
            <line>
              <![CDATA[<font color='green'>The Report Result page URL is</font>]]>
            </line>
            <line>
              <![CDATA[<font color='green'>Report commentry details has updated</font>]]>
            </line>
          </reporter-output>
        </test-method> <!-- ReportPage -->
        <test-method status="PASS" signature="closeBrowser()[pri:0, instance:testcases.ReportPage_Testcases@569cfc36]" name="closeBrowser" is-config="true" duration-ms="1076" started-at="2020-03-03T07:26:30Z" finished-at="2020-03-03T07:26:31Z">
          <reporter-output>
          </reporter-output>
        </test-method> <!-- closeBrowser -->
      </class> <!-- testcases.ReportPage_Testcases -->
      <class name="testcases.ResultPage_Testcases">
        <test-method status="PASS" signature="login()[pri:0, instance:testcases.ResultPage_Testcases@192d3247]" name="login" is-config="true" duration-ms="4263" started-at="2020-03-03T07:24:21Z" finished-at="2020-03-03T07:24:25Z">
          <reporter-output>
            <line>
              <![CDATA[The Browser is opened now]]>
            </line>
            <line>
              <![CDATA[The Browser is maximized now]]>
            </line>
          </reporter-output>
        </test-method> <!-- login -->
        <test-method status="PASS" signature="ResultPage(java.lang.String, java.lang.String, java.lang.String, java.lang.String, java.lang.String)[pri:0, instance:testcases.ResultPage_Testcases@192d3247]" name="ResultPage" duration-ms="35040" started-at="2020-03-03T07:24:25Z" data-provider="fetchData" finished-at="2020-03-03T07:25:00Z">
          <params>
            <param index="0">
              <value>
                <![CDATA[https://10.130.35.58/modules/olapv3/#/login]]>
              </value>
            </param>
            <param index="1">
              <value>
                <![CDATA[mgoodey]]>
              </value>
            </param>
            <param index="2">
              <value>
                <![CDATA[eagle1]]>
              </value>
            </param>
            <param index="3">
              <value>
                <![CDATA[Attrib And Risk Report]]>
              </value>
            </param>
            <param index="4">
              <value>
                <![CDATA[Analysis for ]]>
              </value>
            </param>
          </params>
          <reporter-output>
            <line>
              <![CDATA[<font color='green'>The Web URL is opened now</font>]]>
            </line>
            <line>
              <![CDATA[<font color='green'>The User Name has entered</font>]]>
            </line>
            <line>
              <![CDATA[<font color='green'>Password has entered</font>]]>
            </line>
            <line>
              <![CDATA[<font color='green'>Logged into the application</font>]]>
            </line>
            <line>
              <![CDATA[<font color='green'> Clicked the inbox tab</font>]]>
            </line>
            <line>
              <![CDATA[<font color='green'> Report has been clicked</font>]]>
            </line>
            <line>
              <![CDATA[<font color='red'>Inside click report == false</font>]]>
            </line>
            <line>
              <![CDATA[<font color='green'>trying to click the tabs</font>]]>
            </line>
            <line>
              <![CDATA[<font color='green'>Clicked the ANALYSE Link on top Right hand side</font>]]>
            </line>
            <line>
              <![CDATA[<font color='green'>Checking the COMMENTARY in ANALYSE page</font>]]>
            </line>
            <line>
              <![CDATA[<font color='green'>Expected String is present</font>]]>
            </line>
            <line>
              <![CDATA[<font color='green'>Clicked the CHARTS Link in top right hand side</font>]]>
            </line>
          </reporter-output>
        </test-method> <!-- ResultPage -->
        <test-method status="PASS" signature="closeBrowser()[pri:0, instance:testcases.ResultPage_Testcases@192d3247]" name="closeBrowser" is-config="true" duration-ms="1133" started-at="2020-03-03T07:25:00Z" finished-at="2020-03-03T07:25:01Z">
          <reporter-output>
          </reporter-output>
        </test-method> <!-- closeBrowser -->
      </class> <!-- testcases.ResultPage_Testcases -->
      <class name="testcases.ChartsPage_Testcases">
        <test-method status="PASS" signature="setData()[pri:0, instance:testcases.ChartsPage_Testcases@3ecd23d9]" name="setData" is-config="true" duration-ms="21" started-at="2020-03-03T07:23:46Z" finished-at="2020-03-03T07:23:46Z">
          <reporter-output>
          </reporter-output>
        </test-method> <!-- setData -->
        <test-method status="PASS" signature="setData()[pri:0, instance:testcases.HomePage_Testcases@7cbd213e]" name="setData" is-config="true" duration-ms="0" started-at="2020-03-03T07:23:46Z" finished-at="2020-03-03T07:23:46Z">
          <reporter-output>
          </reporter-output>
        </test-method> <!-- setData -->
        <test-method status="PASS" signature="setData()[pri:0, instance:testcases.LoginPage_Testcases@52f759d7]" name="setData" is-config="true" duration-ms="0" started-at="2020-03-03T07:23:46Z" finished-at="2020-03-03T07:23:46Z">
          <reporter-output>
          </reporter-output>
        </test-method> <!-- setData -->
        <test-method status="PASS" signature="setData()[pri:0, instance:testcases.ReportPage_Testcases@569cfc36]" name="setData" is-config="true" duration-ms="0" started-at="2020-03-03T07:23:46Z" finished-at="2020-03-03T07:23:46Z">
          <reporter-output>
          </reporter-output>
        </test-method> <!-- setData -->
        <test-method status="PASS" signature="setData()[pri:0, instance:testcases.ResultPage_Testcases@192d3247]" name="setData" is-config="true" duration-ms="0" started-at="2020-03-03T07:23:46Z" finished-at="2020-03-03T07:23:46Z">
          <reporter-output>
          </reporter-output>
        </test-method> <!-- setData -->
        <test-method status="PASS" signature="login()[pri:0, instance:testcases.ChartsPage_Testcases@3ecd23d9]" name="login" is-config="true" duration-ms="4230" started-at="2020-03-03T07:25:01Z" finished-at="2020-03-03T07:25:05Z">
          <reporter-output>
            <line>
              <![CDATA[The Browser is opened now]]>
            </line>
            <line>
              <![CDATA[The Browser is maximized now]]>
            </line>
          </reporter-output>
        </test-method> <!-- login -->
        <test-method status="PASS" signature="ChartsPage(java.lang.String, java.lang.String, java.lang.String, java.lang.String, java.lang.String, java.lang.String)[pri:0, instance:testcases.ChartsPage_Testcases@3ecd23d9]" name="ChartsPage" duration-ms="37322" started-at="2020-03-03T07:25:05Z" data-provider="fetchData" finished-at="2020-03-03T07:25:43Z">
          <params>
            <param index="0">
              <value>
                <![CDATA[https://10.130.35.58/modules/olapv3/#/login]]>
              </value>
            </param>
            <param index="1">
              <value>
                <![CDATA[mgoodey]]>
              </value>
            </param>
            <param index="2">
              <value>
                <![CDATA[eagle1]]>
              </value>
            </param>
            <param index="3">
              <value>
                <![CDATA[Attrib And Risk Report]]>
              </value>
            </param>
            <param index="4">
              <value>
                <![CDATA[Analysis for ]]>
              </value>
            </param>
            <param index="5">
              <value>
                <![CDATA[\\sselvarasuw8\screenshot\charts.png]]>
              </value>
            </param>
          </params>
          <reporter-output>
            <line>
              <![CDATA[<font color='green'>The Web URL is opened now</font>]]>
            </line>
            <line>
              <![CDATA[<font color='green'>The User Name has entered</font>]]>
            </line>
            <line>
              <![CDATA[<font color='green'>Password has entered</font>]]>
            </line>
            <line>
              <![CDATA[<font color='green'>Logged into the application</font>]]>
            </line>
            <line>
              <![CDATA[<font color='green'> Clicked the inbox tab</font>]]>
            </line>
            <line>
              <![CDATA[<font color='green'> Report has been clicked</font>]]>
            </line>
            <line>
              <![CDATA[<font color='red'>Inside click report == false</font>]]>
            </line>
            <line>
              <![CDATA[<font color='green'>trying to click the tabs</font>]]>
            </line>
            <line>
              <![CDATA[<font color='green'>Clicked the ANALYSE Link on top Right hand side</font>]]>
            </line>
            <line>
              <![CDATA[<font color='green'>Checking the COMMENTARY in ANALYSE page</font>]]>
            </line>
            <line>
              <![CDATA[<font color='green'>Expected String is present</font>]]>
            </line>
            <line>
              <![CDATA[<font color='green'>Clicked the CHARTS Link in top right hand side</font>]]>
            </line>
            <line>
              <![CDATA[<font color='green'>Old files are deleted</font>]]>
            </line>
            <line>
              <![CDATA[<font color='green'>Screen shot has been taken into this path</font>]]>
            </line>
          </reporter-output>
        </test-method> <!-- ChartsPage -->
        <test-method status="PASS" signature="closeBrowser()[pri:0, instance:testcases.ChartsPage_Testcases@3ecd23d9]" name="closeBrowser" is-config="true" duration-ms="1019" started-at="2020-03-03T07:25:43Z" finished-at="2020-03-03T07:25:44Z">
          <reporter-output>
          </reporter-output>
        </test-method> <!-- closeBrowser -->
      </class> <!-- testcases.ChartsPage_Testcases -->
    </test> <!-- Test -->
  </suite> <!-- Suite -->
</testng-results>
