<?xml version="1.0" encoding="UTF-8"?>
<testng-results skipped="0" failed="1" ignored="0" total="2" passed="1">
  <reporter-output>
  </reporter-output>
  <suite name="Suite" duration-ms="29307" started-at="2019-10-18T08:28:23Z" finished-at="2019-10-18T08:28:52Z">
    <groups>
    </groups>
    <test name="Test" duration-ms="29307" started-at="2019-10-18T08:28:23Z" finished-at="2019-10-18T08:28:52Z">
      <class name="testcases.LoginPage_Testcases">
        <test-method status="PASS" signature="login()[pri:0, instance:testcases.LoginPage_Testcases@6950e31]" name="login" is-config="true" duration-ms="4651" started-at="2019-10-18T08:28:24Z" finished-at="2019-10-18T08:28:29Z">
          <reporter-output>
          </reporter-output>
        </test-method> <!-- login -->
        <test-method status="PASS" signature="loginLogout(java.lang.String, java.lang.String, java.lang.String)[pri:0, instance:testcases.LoginPage_Testcases@6950e31]" name="loginLogout" duration-ms="4291" started-at="2019-10-18T08:28:29Z" data-provider="fetchData" finished-at="2019-10-18T08:28:33Z">
          <params>
            <param index="0">
              <value>
                <![CDATA[https://10.130.35.58/modules/olapv3/#/login]]>
              </value>
            </param>
            <param index="1">
              <value>
                <![CDATA[mgoodey]]>
              </value>
            </param>
            <param index="2">
              <value>
                <![CDATA[eagle1]]>
              </value>
            </param>
          </params>
          <reporter-output>
          </reporter-output>
        </test-method> <!-- loginLogout -->
        <test-method status="PASS" signature="closeBrowser()[pri:0, instance:testcases.LoginPage_Testcases@6950e31]" name="closeBrowser" is-config="true" duration-ms="1139" started-at="2019-10-18T08:28:33Z" finished-at="2019-10-18T08:28:34Z">
          <reporter-output>
          </reporter-output>
        </test-method> <!-- closeBrowser -->
      </class> <!-- testcases.LoginPage_Testcases -->
      <class name="testcases.HomePage_Testcases">
        <test-method status="PASS" signature="setData()[pri:0, instance:testcases.HomePage_Testcases@b7dd107]" name="setData" is-config="true" duration-ms="17" started-at="2019-10-18T08:28:23Z" finished-at="2019-10-18T08:28:23Z">
          <reporter-output>
          </reporter-output>
        </test-method> <!-- setData -->
        <test-method status="PASS" signature="setData()[pri:0, instance:testcases.LoginPage_Testcases@6950e31]" name="setData" is-config="true" duration-ms="0" started-at="2019-10-18T08:28:23Z" finished-at="2019-10-18T08:28:23Z">
          <reporter-output>
          </reporter-output>
        </test-method> <!-- setData -->
        <test-method status="PASS" signature="login()[pri:0, instance:testcases.HomePage_Testcases@b7dd107]" name="login" is-config="true" duration-ms="3656" started-at="2019-10-18T08:28:34Z" finished-at="2019-10-18T08:28:38Z">
          <reporter-output>
          </reporter-output>
        </test-method> <!-- login -->
        <test-method status="FAIL" signature="HomePage(java.lang.String, java.lang.String, java.lang.String, java.lang.String)[pri:0, instance:testcases.HomePage_Testcases@b7dd107]" name="HomePage" duration-ms="13443" started-at="2019-10-18T08:28:38Z" data-provider="fetchData" finished-at="2019-10-18T08:28:51Z">
          <params>
            <param index="0">
              <value>
                <![CDATA[https://10.130.35.58/modules/olapv3/#/login]]>
              </value>
            </param>
            <param index="1">
              <value>
                <![CDATA[mgoodey]]>
              </value>
            </param>
            <param index="2">
              <value>
                <![CDATA[eagle1]]>
              </value>
            </param>
            <param index="3">
              <value>
                <![CDATA[Attrib And Risk Report2]]>
              </value>
            </param>
          </params>
          <exception class="org.openqa.selenium.NoSuchElementException">
            <message>
              <![CDATA[no such element: Unable to locate element: {"method":"xpath","selector":"(//div[@class='eagle-status-completed']/following::span[text()='Attrib And Risk Report2'])[1]"}
  (Session info: chrome=77.0.3865.90)
For documentation on this error, please visit: http://seleniumhq.org/exceptions/no_such_element.html
Build info: version: '3.4.0', revision: 'unknown', time: 'unknown'
System info: host: 'SSELVARASUW8', ip: '10.80.8.174', os.name: 'Windows 8.1', os.arch: 'amd64', os.version: '6.3', java.version: '1.8.0_221'
Driver info: org.openqa.selenium.chrome.ChromeDriver
Capabilities [{networkConnectionEnabled=false, chrome={chromedriverVersion=77.0.3865.40 (f484704e052e0b556f8030b65b953dce96503217-refs/branch-heads/3865@{#442}), userDataDir=C:\Users\SSELVA~1\AppData\Local\Temp\scoped_dir6676_1779327064}, timeouts={implicit=0.0, pageLoad=300000.0, script=30000.0}, pageLoadStrategy=normal, unhandledPromptBehavior=dismiss and notify, strictFileInteractability=false, platform=ANY, proxy=Proxy(), goog:chromeOptions={debuggerAddress=localhost:62225}, acceptInsecureCerts=false, browserVersion=77.0.3865.90, browserName=chrome, javascriptEnabled=true, platformName=windows nt, setWindowRect=true}]
Session ID: 9e641cdfa570d9d919e69f1201c400a2
*** Element info: {Using=xpath, value=(//div[@class='eagle-status-completed']/following::span[text()='Attrib And Risk Report2'])[1]}]]>
            </message>
            <full-stacktrace>
              <![CDATA[org.openqa.selenium.NoSuchElementException: no such element: Unable to locate element: {"method":"xpath","selector":"(//div[@class='eagle-status-completed']/following::span[text()='Attrib And Risk Report2'])[1]"}
  (Session info: chrome=77.0.3865.90)
For documentation on this error, please visit: http://seleniumhq.org/exceptions/no_such_element.html
Build info: version: '3.4.0', revision: 'unknown', time: 'unknown'
System info: host: 'SSELVARASUW8', ip: '10.80.8.174', os.name: 'Windows 8.1', os.arch: 'amd64', os.version: '6.3', java.version: '1.8.0_221'
Driver info: org.openqa.selenium.chrome.ChromeDriver
Capabilities [{networkConnectionEnabled=false, chrome={chromedriverVersion=77.0.3865.40 (f484704e052e0b556f8030b65b953dce96503217-refs/branch-heads/3865@{#442}), userDataDir=C:\Users\SSELVA~1\AppData\Local\Temp\scoped_dir6676_1779327064}, timeouts={implicit=0.0, pageLoad=300000.0, script=30000.0}, pageLoadStrategy=normal, unhandledPromptBehavior=dismiss and notify, strictFileInteractability=false, platform=ANY, proxy=Proxy(), goog:chromeOptions={debuggerAddress=localhost:62225}, acceptInsecureCerts=false, browserVersion=77.0.3865.90, browserName=chrome, javascriptEnabled=true, platformName=windows nt, setWindowRect=true}]
Session ID: 9e641cdfa570d9d919e69f1201c400a2
*** Element info: {Using=xpath, value=(//div[@class='eagle-status-completed']/following::span[text()='Attrib And Risk Report2'])[1]}
at sun.reflect.NativeConstructorAccessorImpl.newInstance0(Native Method)
at sun.reflect.NativeConstructorAccessorImpl.newInstance(Unknown Source)
at sun.reflect.DelegatingConstructorAccessorImpl.newInstance(Unknown Source)
at java.lang.reflect.Constructor.newInstance(Unknown Source)
at org.openqa.selenium.remote.http.W3CHttpResponseCodec.createException(W3CHttpResponseCodec.java:150)
at org.openqa.selenium.remote.http.W3CHttpResponseCodec.decode(W3CHttpResponseCodec.java:115)
at org.openqa.selenium.remote.http.W3CHttpResponseCodec.decode(W3CHttpResponseCodec.java:45)
at org.openqa.selenium.remote.HttpCommandExecutor.execute(HttpCommandExecutor.java:164)
at org.openqa.selenium.remote.service.DriverCommandExecutor.execute(DriverCommandExecutor.java:82)
at org.openqa.selenium.remote.RemoteWebDriver.execute(RemoteWebDriver.java:637)
at org.openqa.selenium.remote.RemoteWebDriver.findElement(RemoteWebDriver.java:410)
at org.openqa.selenium.remote.RemoteWebDriver.findElementByXPath(RemoteWebDriver.java:509)
at pages.HomePage.ClickonReport(HomePage.java:42)
at testcases.HomePage_Testcases.HomePage(HomePage_Testcases.java:49)
at sun.reflect.NativeMethodAccessorImpl.invoke0(Native Method)
at sun.reflect.NativeMethodAccessorImpl.invoke(Unknown Source)
at sun.reflect.DelegatingMethodAccessorImpl.invoke(Unknown Source)
at java.lang.reflect.Method.invoke(Unknown Source)
at org.testng.internal.MethodInvocationHelper.invokeMethod(MethodInvocationHelper.java:124)
at org.testng.internal.Invoker.invokeMethod(Invoker.java:583)
at org.testng.internal.Invoker.invokeTestMethod(Invoker.java:719)
at org.testng.internal.Invoker.invokeTestMethods(Invoker.java:989)
at org.testng.internal.TestMethodWorker.invokeTestMethods(TestMethodWorker.java:125)
at org.testng.internal.TestMethodWorker.run(TestMethodWorker.java:109)
at org.testng.TestRunner.privateRun(TestRunner.java:648)
at org.testng.TestRunner.run(TestRunner.java:505)
at org.testng.SuiteRunner.runTest(SuiteRunner.java:455)
at org.testng.SuiteRunner.runSequentially(SuiteRunner.java:450)
at org.testng.SuiteRunner.privateRun(SuiteRunner.java:415)
at org.testng.SuiteRunner.run(SuiteRunner.java:364)
at org.testng.SuiteRunnerWorker.runSuite(SuiteRunnerWorker.java:52)
at org.testng.SuiteRunnerWorker.run(SuiteRunnerWorker.java:84)
at org.testng.TestNG.runSuitesSequentially(TestNG.java:1208)
at org.testng.TestNG.runSuitesLocally(TestNG.java:1137)
at org.testng.TestNG.runSuites(TestNG.java:1049)
at org.testng.TestNG.run(TestNG.java:1017)
at org.testng.remote.AbstractRemoteTestNG.run(AbstractRemoteTestNG.java:115)
at org.testng.remote.RemoteTestNG.initAndRun(RemoteTestNG.java:251)
at org.testng.remote.RemoteTestNG.main(RemoteTestNG.java:77)
]]>
            </full-stacktrace>
          </exception> <!-- org.openqa.selenium.NoSuchElementException -->
          <reporter-output>
          </reporter-output>
        </test-method> <!-- HomePage -->
        <test-method status="PASS" signature="closeBrowser()[pri:0, instance:testcases.HomePage_Testcases@b7dd107]" name="closeBrowser" is-config="true" duration-ms="1027" started-at="2019-10-18T08:28:51Z" finished-at="2019-10-18T08:28:52Z">
          <reporter-output>
          </reporter-output>
        </test-method> <!-- closeBrowser -->
      </class> <!-- testcases.HomePage_Testcases -->
    </test> <!-- Test -->
  </suite> <!-- Suite -->
</testng-results>
