<?xml version="1.0" encoding="UTF-8"?>
<testng-results skipped="0" failed="0" ignored="0" total="1" passed="1">
  <reporter-output>
  </reporter-output>
  <suite name="Default suite" duration-ms="12729" started-at="2019-08-05T13:00:10Z" finished-at="2019-08-05T13:00:23Z">
    <groups>
    </groups>
    <test name="Default test" duration-ms="12729" started-at="2019-08-05T13:00:10Z" finished-at="2019-08-05T13:00:23Z">
      <class name="testcases.TC001Login">
        <test-method status="PASS" signature="setData()[pri:0, instance:testcases.TC001Login@7a30d1e6]" name="setData" is-config="true" duration-ms="19" started-at="2019-08-05T13:00:10Z" finished-at="2019-08-05T13:00:10Z">
          <reporter-output>
          </reporter-output>
        </test-method> <!-- setData -->
        <test-method status="PASS" signature="login()[pri:0, instance:testcases.TC001Login@7a30d1e6]" name="login" is-config="true" duration-ms="4813" started-at="2019-08-05T13:00:11Z" finished-at="2019-08-05T13:00:16Z">
          <reporter-output>
          </reporter-output>
        </test-method> <!-- login -->
        <test-method status="PASS" signature="loginLogout(java.lang.String, java.lang.String, java.lang.String, java.lang.String, java.lang.String, java.lang.String, java.lang.String, java.lang.String, java.lang.String, java.lang.String)[pri:0, instance:testcases.TC001Login@7a30d1e6]" name="loginLogout" duration-ms="4591" started-at="2019-08-05T13:00:16Z" data-provider="fetchData" finished-at="2019-08-05T13:00:20Z">
          <params>
            <param index="0">
              <value>
                <![CDATA[http://10.130.35.25:100/modules/olapv3/#/login]]>
              </value>
            </param>
            <param index="1">
              <value>
                <![CDATA[mgoodey]]>
              </value>
            </param>
            <param index="2">
              <value>
                <![CDATA[eagle1]]>
              </value>
            </param>
            <param index="3">
              <value>
                <![CDATA[M2_PrototypeWithChart]]>
              </value>
            </param>
            <param index="4">
              <value>
                <![CDATA[Performance Summary]]>
              </value>
            </param>
            <param index="5">
              <value>
                <![CDATA[8000]]>
              </value>
            </param>
            <param index="6">
              <value>
                <![CDATA[4 Level Model1]]>
              </value>
            </param>
            <param index="7">
              <value>
                <![CDATA[testsasiURL]]>
              </value>
            </param>
            <param index="8">
              <value>
                <![CDATA[testkey]]>
              </value>
            </param>
            <param index="9">
              <value>
                <![CDATA[C:\Users\sselvarasux\Desktop\screenshot\Chart.png]]>
              </value>
            </param>
          </params>
          <reporter-output>
          </reporter-output>
        </test-method> <!-- loginLogout -->
        <test-method status="PASS" signature="closeBrowser()[pri:0, instance:testcases.TC001Login@7a30d1e6]" name="closeBrowser" is-config="true" duration-ms="2086" started-at="2019-08-05T13:00:20Z" finished-at="2019-08-05T13:00:23Z">
          <reporter-output>
          </reporter-output>
        </test-method> <!-- closeBrowser -->
      </class> <!-- testcases.TC001Login -->
    </test> <!-- Default test -->
  </suite> <!-- Default suite -->
</testng-results>
