<?xml version="1.0" encoding="UTF-8"?>
<testng-results skipped="0" failed="0" ignored="0" total="1" passed="1">
  <reporter-output>
  </reporter-output>
  <suite name="Default suite" duration-ms="28993" started-at="2019-06-12T09:31:51Z" finished-at="2019-06-12T09:32:20Z">
    <groups>
    </groups>
    <test name="Default test" duration-ms="28993" started-at="2019-06-12T09:31:51Z" finished-at="2019-06-12T09:32:20Z">
      <class name="testcases.TC001Login">
        <test-method status="PASS" signature="setData()[pri:0, instance:testcases.TC001Login@7a30d1e6]" name="setData" is-config="true" duration-ms="16" started-at="2019-06-12T09:31:51Z" finished-at="2019-06-12T09:31:51Z">
          <reporter-output>
          </reporter-output>
        </test-method> <!-- setData -->
        <test-method status="PASS" signature="login()[pri:0, instance:testcases.TC001Login@7a30d1e6]" name="login" is-config="true" duration-ms="4517" started-at="2019-06-12T09:31:52Z" finished-at="2019-06-12T09:31:56Z">
          <reporter-output>
          </reporter-output>
        </test-method> <!-- login -->
        <test-method status="PASS" signature="loginLogout(java.lang.String, java.lang.String, java.lang.String, java.lang.String, java.lang.String, java.lang.String)[pri:0, instance:testcases.TC001Login@7a30d1e6]" name="loginLogout" duration-ms="21354" started-at="2019-06-12T09:31:56Z" data-provider="fetchData" finished-at="2019-06-12T09:32:18Z">
          <params>
            <param index="0">
              <value>
                <![CDATA[http://10.130.35.25:100/modules/olap/#/login]]>
              </value>
            </param>
            <param index="1">
              <value>
                <![CDATA[mgoodey]]>
              </value>
            </param>
            <param index="2">
              <value>
                <![CDATA[eagle1]]>
              </value>
            </param>
            <param index="3">
              <value>
                <![CDATA[Attrib And Risk Report,AL HY Fixed Income Attribution]]>
              </value>
            </param>
            <param index="4">
              <value>
                <![CDATA[COMMENTARY,FIXED INCOME]]>
              </value>
            </param>
            <param index="5">
              <value>
                <![CDATA[3000,10000]]>
              </value>
            </param>
          </params>
          <reporter-output>
          </reporter-output>
        </test-method> <!-- loginLogout -->
        <test-method status="PASS" signature="closeBrowser()[pri:0, instance:testcases.TC001Login@7a30d1e6]" name="closeBrowser" is-config="true" duration-ms="2081" started-at="2019-06-12T09:32:18Z" finished-at="2019-06-12T09:32:20Z">
          <reporter-output>
          </reporter-output>
        </test-method> <!-- closeBrowser -->
      </class> <!-- testcases.TC001Login -->
    </test> <!-- Default test -->
  </suite> <!-- Default suite -->
</testng-results>
