<?xml version="1.0" encoding="UTF-8"?>
<!-- Generated by org.testng.reporters.JUnitXMLReporter -->
<testsuite hostname="SSelvarasuW8" ignored="0" name="Test" tests="5" failures="0" timestamp="18 Oct 2019 12:39:25 GMT" time="111.79" errors="0">
  <testcase name="loginLogout" time="5.57" classname="testcases.LoginPage_Testcases"/>
  <testcase name="HomePage" time="11.933" classname="testcases.HomePage_Testcases"/>
  <testcase name="ResultPage" time="20.837" classname="testcases.ResultPage_Testcases"/>
  <testcase name="ChartsPage" time="21.337" classname="testcases.ChartsPage_Testcases"/>
  <testcase name="ReportPage" time="26.671" classname="testcases.ReportPage_Testcases"/>
</testsuite> <!-- Test -->
