<?xml version="1.0" encoding="UTF-8"?>
<!-- Generated by org.testng.reporters.JUnitXMLReporter -->
<testsuite hostname="SSelvarasuW8" ignored="0" name="Test" tests="5" failures="0" timestamp="03 Mar 2020 07:26:31 GMT" time="164.695" errors="0">
  <testcase name="loginLogout" time="5.52" classname="testcases.LoginPage_Testcases"/>
  <testcase name="HomePage" time="14.886" classname="testcases.HomePage_Testcases"/>
  <testcase name="ResultPage" time="35.04" classname="testcases.ResultPage_Testcases"/>
  <testcase name="ChartsPage" time="37.322" classname="testcases.ChartsPage_Testcases"/>
  <testcase name="ReportPage" time="41.627" classname="testcases.ReportPage_Testcases"/>
</testsuite> <!-- Test -->
