<?xml version="1.0" encoding="UTF-8"?>
<!-- Generated by org.testng.reporters.JUnitXMLReporter -->
<testsuite hostname="SSelvarasuW8" ignored="0" name="Test" tests="6" failures="0" timestamp="11 Nov 2019 06:32:47 GMT" time="139.193" errors="0">
  <testcase name="loginLogout" time="22.229" classname="testcases.Schw15r2dw003_Testcases"/>
  <testcase name="loginLogout" time="4.319" classname="testcases.LoginPage_Testcases"/>
  <testcase name="HomePage" time="10.646" classname="testcases.HomePage_Testcases"/>
  <testcase name="ResultPage" time="21.046" classname="testcases.ResultPage_Testcases"/>
  <testcase name="ChartsPage" time="21.994" classname="testcases.ChartsPage_Testcases"/>
  <testcase name="ReportPage" time="28.127" classname="testcases.ReportPage_Testcases"/>
</testsuite> <!-- Test -->
