<?xml version="1.0" encoding="UTF-8"?>
<!-- Generated by org.testng.reporters.JUnitXMLReporter -->
<testsuite hostname="SSelvarasuW8" ignored="0" name="Test" tests="7" failures="0" timestamp="10 Mar 2020 10:13:23 GMT" time="245.884" errors="0">
  <testcase name="loginLogout" time="35.238" classname="testcases.Schw15r2dw003_Testcases"/>
  <testcase name="loginLogout" time="35.091" classname="testcases.Schw15r2dw003_Testcases"/>
  <testcase name="loginLogout" time="5.19" classname="testcases.LoginPage_Testcases"/>
  <testcase name="HomePage" time="11.607" classname="testcases.HomePage_Testcases"/>
  <testcase name="ResultPage" time="33.968" classname="testcases.ResultPage_Testcases"/>
  <testcase name="ChartsPage" time="54.94" classname="testcases.ChartsPage_Testcases"/>
  <testcase name="ReportPage" time="36.0" classname="testcases.ReportPage_Testcases"/>
</testsuite> <!-- Test -->
