<?xml version="1.0" encoding="UTF-8"?>
<!-- Generated by org.testng.reporters.JUnitXMLReporter -->
<testsuite hostname="SSelvarasuW8" ignored="0" name="Test" tests="3" failures="0" timestamp="07 May 2020 12:36:12 GMT" time="58.912" errors="0">
  <testcase name="loginLogout" time="14.412" classname="testcases.TC001Login"/>
  <testcase name="loginLogout" time="13.688" classname="testcases.TC001Login"/>
  <testcase name="loginLogout" time="14.916" classname="testcases.OlapV3"/>
</testsuite> <!-- Test -->
