<?xml version="1.0" encoding="UTF-8"?>
<!-- Generated by org.testng.reporters.JUnitXMLReporter -->
<testsuite hostname="SSelvarasuW8" ignored="0" name="Test" tests="6" failures="0" timestamp="18 Nov 2019 09:48:48 GMT" time="173.708" errors="0">
  <testcase name="loginLogout" time="31.9" classname="testcases.Schw15r2dw003_Testcases"/>
  <testcase name="loginLogout" time="4.298" classname="testcases.LoginPage_Testcases"/>
  <testcase name="HomePage" time="10.44" classname="testcases.HomePage_Testcases"/>
  <testcase name="ResultPage" time="30.782" classname="testcases.ResultPage_Testcases"/>
  <testcase name="ChartsPage" time="31.311" classname="testcases.ChartsPage_Testcases"/>
  <testcase name="ReportPage" time="34.858" classname="testcases.ReportPage_Testcases"/>
</testsuite> <!-- Test -->
